{"numFailedTestSuites":1,"numFailedTests":14,"numPassedTestSuites":0,"numPassedTests":6,"numPendingTestSuites":0,"numPendingTests":0,"numRuntimeErrorTestSuites":0,"numTodoTests":0,"numTotalTestSuites":1,"numTotalTests":20,"openHandles":[],"snapshot":{"added":0,"didUpdate":false,"failure":false,"filesAdded":0,"filesRemoved":0,"filesRemovedList":[],"filesUnmatched":0,"filesUpdated":0,"matched":0,"total":0,"unchecked":0,"uncheckedKeysByFile":[],"unmatched":0,"updated":0},"startTime":1628752067293,"success":false,"testResults":[{"assertionResults":[{"ancestorTitles":["App.js React Router 설치"],"failureMessages":[],"fullName":"App.js React Router 설치 react-router-dom 를 npm 으로 설치해야 합니다. (react-router-dom)","location":null,"status":"passed","title":"react-router-dom 를 npm 으로 설치해야 합니다. (react-router-dom)"},{"ancestorTitles":["App.js React Router 컴포넌트 적용"],"failureMessages":["Error: Invariant failed: You should not use <withRouter(Sidebar) /> outside a <Router>\n    at invariant (/Users/l_siri/Downloads/im-sprint-react-twittler-spa-master/node_modules/tiny-invariant/dist/tiny-invariant.cjs.js:13:11)\n    at /Users/l_siri/Downloads/im-sprint-react-twittler-spa-master/node_modules/react-router/modules/withRouter.js:19:11\n    at updateContextConsumer (/Users/l_siri/Downloads/im-sprint-react-twittler-spa-master/node_modules/react-test-renderer/cjs/react-test-renderer.development.js:9665:19)\n    at beginWork (/Users/l_siri/Downloads/im-sprint-react-twittler-spa-master/node_modules/react-test-renderer/cjs/react-test-renderer.development.js:10031:14)\n    at performUnitOfWork (/Users/l_siri/Downloads/im-sprint-react-twittler-spa-master/node_modules/react-test-renderer/cjs/react-test-renderer.development.js:13800:12)\n    at workLoopSync (/Users/l_siri/Downloads/im-sprint-react-twittler-spa-master/node_modules/react-test-renderer/cjs/react-test-renderer.development.js:13728:5)\n    at renderRootSync (/Users/l_siri/Downloads/im-sprint-react-twittler-spa-master/node_modules/react-test-renderer/cjs/react-test-renderer.development.js:13691:7)\n    at performSyncWorkOnRoot (/Users/l_siri/Downloads/im-sprint-react-twittler-spa-master/node_modules/react-test-renderer/cjs/react-test-renderer.development.js:13404:18)\n    at /Users/l_siri/Downloads/im-sprint-react-twittler-spa-master/node_modules/react-test-renderer/cjs/react-test-renderer.development.js:2537:26\n    at unstable_runWithPriority (/Users/l_siri/Downloads/im-sprint-react-twittler-spa-master/node_modules/scheduler/cjs/scheduler.development.js:468:12)\n    at runWithPriority (/Users/l_siri/Downloads/im-sprint-react-twittler-spa-master/node_modules/react-test-renderer/cjs/react-test-renderer.development.js:2486:10)\n    at flushSyncCallbackQueueImpl (/Users/l_siri/Downloads/im-sprint-react-twittler-spa-master/node_modules/react-test-renderer/cjs/react-test-renderer.development.js:2532:9)\n    at flushSyncCallbackQueue (/Users/l_siri/Downloads/im-sprint-react-twittler-spa-master/node_modules/react-test-renderer/cjs/react-test-renderer.development.js:2519:3)\n    at scheduleUpdateOnFiber (/Users/l_siri/Downloads/im-sprint-react-twittler-spa-master/node_modules/react-test-renderer/cjs/react-test-renderer.development.js:13004:9)\n    at updateContainer (/Users/l_siri/Downloads/im-sprint-react-twittler-spa-master/node_modules/react-test-renderer/cjs/react-test-renderer.development.js:16454:3)\n    at Object.create (/Users/l_siri/Downloads/im-sprint-react-twittler-spa-master/node_modules/react-test-renderer/cjs/react-test-renderer.development.js:17149:3)\n    at Object.<anonymous> (/Users/l_siri/Downloads/im-sprint-react-twittler-spa-master/src/__tests__/App.test.js:39:38)\n    at Promise.then.completed (/Users/l_siri/Downloads/im-sprint-react-twittler-spa-master/node_modules/jest-circus/build/utils.js:276:28)\n    at new Promise (<anonymous>)\n    at callAsyncCircusFn (/Users/l_siri/Downloads/im-sprint-react-twittler-spa-master/node_modules/jest-circus/build/utils.js:216:10)\n    at _callCircusTest (/Users/l_siri/Downloads/im-sprint-react-twittler-spa-master/node_modules/jest-circus/build/run.js:212:40)\n    at _runTest (/Users/l_siri/Downloads/im-sprint-react-twittler-spa-master/node_modules/jest-circus/build/run.js:149:3)\n    at _runTestsForDescribeBlock (/Users/l_siri/Downloads/im-sprint-react-twittler-spa-master/node_modules/jest-circus/build/run.js:63:9)\n    at _runTestsForDescribeBlock (/Users/l_siri/Downloads/im-sprint-react-twittler-spa-master/node_modules/jest-circus/build/run.js:57:9)\n    at run (/Users/l_siri/Downloads/im-sprint-react-twittler-spa-master/node_modules/jest-circus/build/run.js:25:3)\n    at runAndTransformResultsToJestFormat (/Users/l_siri/Downloads/im-sprint-react-twittler-spa-master/node_modules/jest-circus/build/legacy-code-todo-rewrite/jestAdapterInit.js:176:21)\n    at jestAdapter (/Users/l_siri/Downloads/im-sprint-react-twittler-spa-master/node_modules/jest-circus/build/legacy-code-todo-rewrite/jestAdapter.js:109:19)\n    at runTestInternal (/Users/l_siri/Downloads/im-sprint-react-twittler-spa-master/node_modules/jest-runner/build/runTest.js:380:16)\n    at runTest (/Users/l_siri/Downloads/im-sprint-react-twittler-spa-master/node_modules/jest-runner/build/runTest.js:472:34)"],"fullName":"App.js React Router 컴포넌트 적용 React Router 컴포넌트로 Switch와 Route 컴포넌트가 있어야 합니다.","location":null,"status":"failed","title":"React Router 컴포넌트로 Switch와 Route 컴포넌트가 있어야 합니다."},{"ancestorTitles":["App.js React Router 컴포넌트 적용"],"failureMessages":["Error: Invariant failed: You should not use <withRouter(Sidebar) /> outside a <Router>\n    at invariant (/Users/l_siri/Downloads/im-sprint-react-twittler-spa-master/node_modules/tiny-invariant/dist/tiny-invariant.cjs.js:13:11)\n    at /Users/l_siri/Downloads/im-sprint-react-twittler-spa-master/node_modules/react-router/modules/withRouter.js:19:11\n    at updateContextConsumer (/Users/l_siri/Downloads/im-sprint-react-twittler-spa-master/node_modules/react-test-renderer/cjs/react-test-renderer.development.js:9665:19)\n    at beginWork (/Users/l_siri/Downloads/im-sprint-react-twittler-spa-master/node_modules/react-test-renderer/cjs/react-test-renderer.development.js:10031:14)\n    at performUnitOfWork (/Users/l_siri/Downloads/im-sprint-react-twittler-spa-master/node_modules/react-test-renderer/cjs/react-test-renderer.development.js:13800:12)\n    at workLoopSync (/Users/l_siri/Downloads/im-sprint-react-twittler-spa-master/node_modules/react-test-renderer/cjs/react-test-renderer.development.js:13728:5)\n    at renderRootSync (/Users/l_siri/Downloads/im-sprint-react-twittler-spa-master/node_modules/react-test-renderer/cjs/react-test-renderer.development.js:13691:7)\n    at performSyncWorkOnRoot (/Users/l_siri/Downloads/im-sprint-react-twittler-spa-master/node_modules/react-test-renderer/cjs/react-test-renderer.development.js:13404:18)\n    at /Users/l_siri/Downloads/im-sprint-react-twittler-spa-master/node_modules/react-test-renderer/cjs/react-test-renderer.development.js:2537:26\n    at unstable_runWithPriority (/Users/l_siri/Downloads/im-sprint-react-twittler-spa-master/node_modules/scheduler/cjs/scheduler.development.js:468:12)\n    at runWithPriority (/Users/l_siri/Downloads/im-sprint-react-twittler-spa-master/node_modules/react-test-renderer/cjs/react-test-renderer.development.js:2486:10)\n    at flushSyncCallbackQueueImpl (/Users/l_siri/Downloads/im-sprint-react-twittler-spa-master/node_modules/react-test-renderer/cjs/react-test-renderer.development.js:2532:9)\n    at flushSyncCallbackQueue (/Users/l_siri/Downloads/im-sprint-react-twittler-spa-master/node_modules/react-test-renderer/cjs/react-test-renderer.development.js:2519:3)\n    at scheduleUpdateOnFiber (/Users/l_siri/Downloads/im-sprint-react-twittler-spa-master/node_modules/react-test-renderer/cjs/react-test-renderer.development.js:13004:9)\n    at updateContainer (/Users/l_siri/Downloads/im-sprint-react-twittler-spa-master/node_modules/react-test-renderer/cjs/react-test-renderer.development.js:16454:3)\n    at Object.create (/Users/l_siri/Downloads/im-sprint-react-twittler-spa-master/node_modules/react-test-renderer/cjs/react-test-renderer.development.js:17149:3)\n    at Object.<anonymous> (/Users/l_siri/Downloads/im-sprint-react-twittler-spa-master/src/__tests__/App.test.js:46:38)\n    at Promise.then.completed (/Users/l_siri/Downloads/im-sprint-react-twittler-spa-master/node_modules/jest-circus/build/utils.js:276:28)\n    at new Promise (<anonymous>)\n    at callAsyncCircusFn (/Users/l_siri/Downloads/im-sprint-react-twittler-spa-master/node_modules/jest-circus/build/utils.js:216:10)\n    at _callCircusTest (/Users/l_siri/Downloads/im-sprint-react-twittler-spa-master/node_modules/jest-circus/build/run.js:212:40)\n    at _runTest (/Users/l_siri/Downloads/im-sprint-react-twittler-spa-master/node_modules/jest-circus/build/run.js:149:3)\n    at _runTestsForDescribeBlock (/Users/l_siri/Downloads/im-sprint-react-twittler-spa-master/node_modules/jest-circus/build/run.js:63:9)\n    at _runTestsForDescribeBlock (/Users/l_siri/Downloads/im-sprint-react-twittler-spa-master/node_modules/jest-circus/build/run.js:57:9)\n    at run (/Users/l_siri/Downloads/im-sprint-react-twittler-spa-master/node_modules/jest-circus/build/run.js:25:3)\n    at runAndTransformResultsToJestFormat (/Users/l_siri/Downloads/im-sprint-react-twittler-spa-master/node_modules/jest-circus/build/legacy-code-todo-rewrite/jestAdapterInit.js:176:21)\n    at jestAdapter (/Users/l_siri/Downloads/im-sprint-react-twittler-spa-master/node_modules/jest-circus/build/legacy-code-todo-rewrite/jestAdapter.js:109:19)\n    at runTestInternal (/Users/l_siri/Downloads/im-sprint-react-twittler-spa-master/node_modules/jest-runner/build/runTest.js:380:16)\n    at runTest (/Users/l_siri/Downloads/im-sprint-react-twittler-spa-master/node_modules/jest-runner/build/runTest.js:472:34)"],"fullName":"App.js React Router 컴포넌트 적용 App 컴포넌트의 후손 컴포넌트로 Sidebar 컴포넌트가 있어야 합니다.","location":null,"status":"failed","title":"App 컴포넌트의 후손 컴포넌트로 Sidebar 컴포넌트가 있어야 합니다."},{"ancestorTitles":["App.js React Router 컴포넌트 적용","주소에 따른 페이지 뷰 구현을 위해"],"failureMessages":["Error: Invariant failed: You should not use <withRouter(Sidebar) /> outside a <Router>\n    at invariant (/Users/l_siri/Downloads/im-sprint-react-twittler-spa-master/node_modules/tiny-invariant/dist/tiny-invariant.cjs.js:13:11)\n    at /Users/l_siri/Downloads/im-sprint-react-twittler-spa-master/node_modules/react-router/modules/withRouter.js:19:11\n    at updateContextConsumer (/Users/l_siri/Downloads/im-sprint-react-twittler-spa-master/node_modules/react-test-renderer/cjs/react-test-renderer.development.js:9665:19)\n    at beginWork (/Users/l_siri/Downloads/im-sprint-react-twittler-spa-master/node_modules/react-test-renderer/cjs/react-test-renderer.development.js:10031:14)\n    at performUnitOfWork (/Users/l_siri/Downloads/im-sprint-react-twittler-spa-master/node_modules/react-test-renderer/cjs/react-test-renderer.development.js:13800:12)\n    at workLoopSync (/Users/l_siri/Downloads/im-sprint-react-twittler-spa-master/node_modules/react-test-renderer/cjs/react-test-renderer.development.js:13728:5)\n    at renderRootSync (/Users/l_siri/Downloads/im-sprint-react-twittler-spa-master/node_modules/react-test-renderer/cjs/react-test-renderer.development.js:13691:7)\n    at performSyncWorkOnRoot (/Users/l_siri/Downloads/im-sprint-react-twittler-spa-master/node_modules/react-test-renderer/cjs/react-test-renderer.development.js:13404:18)\n    at /Users/l_siri/Downloads/im-sprint-react-twittler-spa-master/node_modules/react-test-renderer/cjs/react-test-renderer.development.js:2537:26\n    at unstable_runWithPriority (/Users/l_siri/Downloads/im-sprint-react-twittler-spa-master/node_modules/scheduler/cjs/scheduler.development.js:468:12)\n    at runWithPriority (/Users/l_siri/Downloads/im-sprint-react-twittler-spa-master/node_modules/react-test-renderer/cjs/react-test-renderer.development.js:2486:10)\n    at flushSyncCallbackQueueImpl (/Users/l_siri/Downloads/im-sprint-react-twittler-spa-master/node_modules/react-test-renderer/cjs/react-test-renderer.development.js:2532:9)\n    at flushSyncCallbackQueue (/Users/l_siri/Downloads/im-sprint-react-twittler-spa-master/node_modules/react-test-renderer/cjs/react-test-renderer.development.js:2519:3)\n    at scheduleUpdateOnFiber (/Users/l_siri/Downloads/im-sprint-react-twittler-spa-master/node_modules/react-test-renderer/cjs/react-test-renderer.development.js:13004:9)\n    at updateContainer (/Users/l_siri/Downloads/im-sprint-react-twittler-spa-master/node_modules/react-test-renderer/cjs/react-test-renderer.development.js:16454:3)\n    at Object.create (/Users/l_siri/Downloads/im-sprint-react-twittler-spa-master/node_modules/react-test-renderer/cjs/react-test-renderer.development.js:17149:3)\n    at Object.<anonymous> (/Users/l_siri/Downloads/im-sprint-react-twittler-spa-master/src/__tests__/App.test.js:54:40)\n    at Promise.then.completed (/Users/l_siri/Downloads/im-sprint-react-twittler-spa-master/node_modules/jest-circus/build/utils.js:276:28)\n    at new Promise (<anonymous>)\n    at callAsyncCircusFn (/Users/l_siri/Downloads/im-sprint-react-twittler-spa-master/node_modules/jest-circus/build/utils.js:216:10)\n    at _callCircusTest (/Users/l_siri/Downloads/im-sprint-react-twittler-spa-master/node_modules/jest-circus/build/run.js:212:40)\n    at _runTest (/Users/l_siri/Downloads/im-sprint-react-twittler-spa-master/node_modules/jest-circus/build/run.js:149:3)\n    at _runTestsForDescribeBlock (/Users/l_siri/Downloads/im-sprint-react-twittler-spa-master/node_modules/jest-circus/build/run.js:63:9)\n    at _runTestsForDescribeBlock (/Users/l_siri/Downloads/im-sprint-react-twittler-spa-master/node_modules/jest-circus/build/run.js:57:9)\n    at _runTestsForDescribeBlock (/Users/l_siri/Downloads/im-sprint-react-twittler-spa-master/node_modules/jest-circus/build/run.js:57:9)\n    at run (/Users/l_siri/Downloads/im-sprint-react-twittler-spa-master/node_modules/jest-circus/build/run.js:25:3)\n    at runAndTransformResultsToJestFormat (/Users/l_siri/Downloads/im-sprint-react-twittler-spa-master/node_modules/jest-circus/build/legacy-code-todo-rewrite/jestAdapterInit.js:176:21)\n    at jestAdapter (/Users/l_siri/Downloads/im-sprint-react-twittler-spa-master/node_modules/jest-circus/build/legacy-code-todo-rewrite/jestAdapter.js:109:19)\n    at runTestInternal (/Users/l_siri/Downloads/im-sprint-react-twittler-spa-master/node_modules/jest-runner/build/runTest.js:380:16)\n    at runTest (/Users/l_siri/Downloads/im-sprint-react-twittler-spa-master/node_modules/jest-runner/build/runTest.js:472:34)"],"fullName":"App.js React Router 컴포넌트 적용 주소에 따른 페이지 뷰 구현을 위해 Route path가 \"/\" 인 Tweets 컴포넌트가 있어야 합니다.","location":null,"status":"failed","title":"Route path가 \"/\" 인 Tweets 컴포넌트가 있어야 합니다."},{"ancestorTitles":["App.js React Router 컴포넌트 적용","주소에 따른 페이지 뷰 구현을 위해"],"failureMessages":["Error: Invariant failed: You should not use <withRouter(Sidebar) /> outside a <Router>\n    at invariant (/Users/l_siri/Downloads/im-sprint-react-twittler-spa-master/node_modules/tiny-invariant/dist/tiny-invariant.cjs.js:13:11)\n    at /Users/l_siri/Downloads/im-sprint-react-twittler-spa-master/node_modules/react-router/modules/withRouter.js:19:11\n    at updateContextConsumer (/Users/l_siri/Downloads/im-sprint-react-twittler-spa-master/node_modules/react-test-renderer/cjs/react-test-renderer.development.js:9665:19)\n    at beginWork (/Users/l_siri/Downloads/im-sprint-react-twittler-spa-master/node_modules/react-test-renderer/cjs/react-test-renderer.development.js:10031:14)\n    at performUnitOfWork (/Users/l_siri/Downloads/im-sprint-react-twittler-spa-master/node_modules/react-test-renderer/cjs/react-test-renderer.development.js:13800:12)\n    at workLoopSync (/Users/l_siri/Downloads/im-sprint-react-twittler-spa-master/node_modules/react-test-renderer/cjs/react-test-renderer.development.js:13728:5)\n    at renderRootSync (/Users/l_siri/Downloads/im-sprint-react-twittler-spa-master/node_modules/react-test-renderer/cjs/react-test-renderer.development.js:13691:7)\n    at performSyncWorkOnRoot (/Users/l_siri/Downloads/im-sprint-react-twittler-spa-master/node_modules/react-test-renderer/cjs/react-test-renderer.development.js:13404:18)\n    at /Users/l_siri/Downloads/im-sprint-react-twittler-spa-master/node_modules/react-test-renderer/cjs/react-test-renderer.development.js:2537:26\n    at unstable_runWithPriority (/Users/l_siri/Downloads/im-sprint-react-twittler-spa-master/node_modules/scheduler/cjs/scheduler.development.js:468:12)\n    at runWithPriority (/Users/l_siri/Downloads/im-sprint-react-twittler-spa-master/node_modules/react-test-renderer/cjs/react-test-renderer.development.js:2486:10)\n    at flushSyncCallbackQueueImpl (/Users/l_siri/Downloads/im-sprint-react-twittler-spa-master/node_modules/react-test-renderer/cjs/react-test-renderer.development.js:2532:9)\n    at flushSyncCallbackQueue (/Users/l_siri/Downloads/im-sprint-react-twittler-spa-master/node_modules/react-test-renderer/cjs/react-test-renderer.development.js:2519:3)\n    at scheduleUpdateOnFiber (/Users/l_siri/Downloads/im-sprint-react-twittler-spa-master/node_modules/react-test-renderer/cjs/react-test-renderer.development.js:13004:9)\n    at updateContainer (/Users/l_siri/Downloads/im-sprint-react-twittler-spa-master/node_modules/react-test-renderer/cjs/react-test-renderer.development.js:16454:3)\n    at Object.create (/Users/l_siri/Downloads/im-sprint-react-twittler-spa-master/node_modules/react-test-renderer/cjs/react-test-renderer.development.js:17149:3)\n    at Object.<anonymous> (/Users/l_siri/Downloads/im-sprint-react-twittler-spa-master/src/__tests__/App.test.js:66:40)\n    at Promise.then.completed (/Users/l_siri/Downloads/im-sprint-react-twittler-spa-master/node_modules/jest-circus/build/utils.js:276:28)\n    at new Promise (<anonymous>)\n    at callAsyncCircusFn (/Users/l_siri/Downloads/im-sprint-react-twittler-spa-master/node_modules/jest-circus/build/utils.js:216:10)\n    at _callCircusTest (/Users/l_siri/Downloads/im-sprint-react-twittler-spa-master/node_modules/jest-circus/build/run.js:212:40)\n    at _runTest (/Users/l_siri/Downloads/im-sprint-react-twittler-spa-master/node_modules/jest-circus/build/run.js:149:3)\n    at _runTestsForDescribeBlock (/Users/l_siri/Downloads/im-sprint-react-twittler-spa-master/node_modules/jest-circus/build/run.js:63:9)\n    at _runTestsForDescribeBlock (/Users/l_siri/Downloads/im-sprint-react-twittler-spa-master/node_modules/jest-circus/build/run.js:57:9)\n    at _runTestsForDescribeBlock (/Users/l_siri/Downloads/im-sprint-react-twittler-spa-master/node_modules/jest-circus/build/run.js:57:9)\n    at run (/Users/l_siri/Downloads/im-sprint-react-twittler-spa-master/node_modules/jest-circus/build/run.js:25:3)\n    at runAndTransformResultsToJestFormat (/Users/l_siri/Downloads/im-sprint-react-twittler-spa-master/node_modules/jest-circus/build/legacy-code-todo-rewrite/jestAdapterInit.js:176:21)\n    at jestAdapter (/Users/l_siri/Downloads/im-sprint-react-twittler-spa-master/node_modules/jest-circus/build/legacy-code-todo-rewrite/jestAdapter.js:109:19)\n    at runTestInternal (/Users/l_siri/Downloads/im-sprint-react-twittler-spa-master/node_modules/jest-runner/build/runTest.js:380:16)\n    at runTest (/Users/l_siri/Downloads/im-sprint-react-twittler-spa-master/node_modules/jest-runner/build/runTest.js:472:34)"],"fullName":"App.js React Router 컴포넌트 적용 주소에 따른 페이지 뷰 구현을 위해 Route path가 \"/about\" 인 About 컴포넌트가 있어야 합니다.","location":null,"status":"failed","title":"Route path가 \"/about\" 인 About 컴포넌트가 있어야 합니다."},{"ancestorTitles":["App.js React Router 컴포넌트 적용","주소에 따른 페이지 뷰 구현을 위해"],"failureMessages":["Error: Invariant failed: You should not use <withRouter(Sidebar) /> outside a <Router>\n    at invariant (/Users/l_siri/Downloads/im-sprint-react-twittler-spa-master/node_modules/tiny-invariant/dist/tiny-invariant.cjs.js:13:11)\n    at /Users/l_siri/Downloads/im-sprint-react-twittler-spa-master/node_modules/react-router/modules/withRouter.js:19:11\n    at updateContextConsumer (/Users/l_siri/Downloads/im-sprint-react-twittler-spa-master/node_modules/react-test-renderer/cjs/react-test-renderer.development.js:9665:19)\n    at beginWork (/Users/l_siri/Downloads/im-sprint-react-twittler-spa-master/node_modules/react-test-renderer/cjs/react-test-renderer.development.js:10031:14)\n    at performUnitOfWork (/Users/l_siri/Downloads/im-sprint-react-twittler-spa-master/node_modules/react-test-renderer/cjs/react-test-renderer.development.js:13800:12)\n    at workLoopSync (/Users/l_siri/Downloads/im-sprint-react-twittler-spa-master/node_modules/react-test-renderer/cjs/react-test-renderer.development.js:13728:5)\n    at renderRootSync (/Users/l_siri/Downloads/im-sprint-react-twittler-spa-master/node_modules/react-test-renderer/cjs/react-test-renderer.development.js:13691:7)\n    at performSyncWorkOnRoot (/Users/l_siri/Downloads/im-sprint-react-twittler-spa-master/node_modules/react-test-renderer/cjs/react-test-renderer.development.js:13404:18)\n    at /Users/l_siri/Downloads/im-sprint-react-twittler-spa-master/node_modules/react-test-renderer/cjs/react-test-renderer.development.js:2537:26\n    at unstable_runWithPriority (/Users/l_siri/Downloads/im-sprint-react-twittler-spa-master/node_modules/scheduler/cjs/scheduler.development.js:468:12)\n    at runWithPriority (/Users/l_siri/Downloads/im-sprint-react-twittler-spa-master/node_modules/react-test-renderer/cjs/react-test-renderer.development.js:2486:10)\n    at flushSyncCallbackQueueImpl (/Users/l_siri/Downloads/im-sprint-react-twittler-spa-master/node_modules/react-test-renderer/cjs/react-test-renderer.development.js:2532:9)\n    at flushSyncCallbackQueue (/Users/l_siri/Downloads/im-sprint-react-twittler-spa-master/node_modules/react-test-renderer/cjs/react-test-renderer.development.js:2519:3)\n    at scheduleUpdateOnFiber (/Users/l_siri/Downloads/im-sprint-react-twittler-spa-master/node_modules/react-test-renderer/cjs/react-test-renderer.development.js:13004:9)\n    at updateContainer (/Users/l_siri/Downloads/im-sprint-react-twittler-spa-master/node_modules/react-test-renderer/cjs/react-test-renderer.development.js:16454:3)\n    at Object.create (/Users/l_siri/Downloads/im-sprint-react-twittler-spa-master/node_modules/react-test-renderer/cjs/react-test-renderer.development.js:17149:3)\n    at Object.<anonymous> (/Users/l_siri/Downloads/im-sprint-react-twittler-spa-master/src/__tests__/App.test.js:77:40)\n    at Promise.then.completed (/Users/l_siri/Downloads/im-sprint-react-twittler-spa-master/node_modules/jest-circus/build/utils.js:276:28)\n    at new Promise (<anonymous>)\n    at callAsyncCircusFn (/Users/l_siri/Downloads/im-sprint-react-twittler-spa-master/node_modules/jest-circus/build/utils.js:216:10)\n    at _callCircusTest (/Users/l_siri/Downloads/im-sprint-react-twittler-spa-master/node_modules/jest-circus/build/run.js:212:40)\n    at _runTest (/Users/l_siri/Downloads/im-sprint-react-twittler-spa-master/node_modules/jest-circus/build/run.js:149:3)\n    at _runTestsForDescribeBlock (/Users/l_siri/Downloads/im-sprint-react-twittler-spa-master/node_modules/jest-circus/build/run.js:63:9)\n    at _runTestsForDescribeBlock (/Users/l_siri/Downloads/im-sprint-react-twittler-spa-master/node_modules/jest-circus/build/run.js:57:9)\n    at _runTestsForDescribeBlock (/Users/l_siri/Downloads/im-sprint-react-twittler-spa-master/node_modules/jest-circus/build/run.js:57:9)\n    at run (/Users/l_siri/Downloads/im-sprint-react-twittler-spa-master/node_modules/jest-circus/build/run.js:25:3)\n    at runAndTransformResultsToJestFormat (/Users/l_siri/Downloads/im-sprint-react-twittler-spa-master/node_modules/jest-circus/build/legacy-code-todo-rewrite/jestAdapterInit.js:176:21)\n    at jestAdapter (/Users/l_siri/Downloads/im-sprint-react-twittler-spa-master/node_modules/jest-circus/build/legacy-code-todo-rewrite/jestAdapter.js:109:19)\n    at runTestInternal (/Users/l_siri/Downloads/im-sprint-react-twittler-spa-master/node_modules/jest-runner/build/runTest.js:380:16)\n    at runTest (/Users/l_siri/Downloads/im-sprint-react-twittler-spa-master/node_modules/jest-runner/build/runTest.js:472:34)"],"fullName":"App.js React Router 컴포넌트 적용 주소에 따른 페이지 뷰 구현을 위해 Route path가 \"/mypage\" 인 MyPage 컴포넌트가 있어야 합니다.","location":null,"status":"failed","title":"Route path가 \"/mypage\" 인 MyPage 컴포넌트가 있어야 합니다."},{"ancestorTitles":["Sidebar.js 사이드바 구현"],"failureMessages":["Error: Invariant failed: You should not use <withRouter(Sidebar) /> outside a <Router>\n    at invariant (/Users/l_siri/Downloads/im-sprint-react-twittler-spa-master/node_modules/tiny-invariant/dist/tiny-invariant.cjs.js:13:11)\n    at /Users/l_siri/Downloads/im-sprint-react-twittler-spa-master/node_modules/react-router/modules/withRouter.js:19:11\n    at updateContextConsumer (/Users/l_siri/Downloads/im-sprint-react-twittler-spa-master/node_modules/react-dom/cjs/react-dom.development.js:18747:19)\n    at beginWork (/Users/l_siri/Downloads/im-sprint-react-twittler-spa-master/node_modules/react-dom/cjs/react-dom.development.js:19114:14)\n    at HTMLUnknownElement.callCallback (/Users/l_siri/Downloads/im-sprint-react-twittler-spa-master/node_modules/react-dom/cjs/react-dom.development.js:3945:14)\n    at HTMLUnknownElement.callTheUserObjectsOperation (/Users/l_siri/Downloads/im-sprint-react-twittler-spa-master/node_modules/jsdom/lib/jsdom/living/generated/EventListener.js:26:30)\n    at innerInvokeEventListeners (/Users/l_siri/Downloads/im-sprint-react-twittler-spa-master/node_modules/jsdom/lib/jsdom/living/events/EventTarget-impl.js:338:25)\n    at invokeEventListeners (/Users/l_siri/Downloads/im-sprint-react-twittler-spa-master/node_modules/jsdom/lib/jsdom/living/events/EventTarget-impl.js:274:3)\n    at HTMLUnknownElementImpl._dispatch (/Users/l_siri/Downloads/im-sprint-react-twittler-spa-master/node_modules/jsdom/lib/jsdom/living/events/EventTarget-impl.js:221:9)\n    at HTMLUnknownElementImpl.dispatchEvent (/Users/l_siri/Downloads/im-sprint-react-twittler-spa-master/node_modules/jsdom/lib/jsdom/living/events/EventTarget-impl.js:94:17)\n    at HTMLUnknownElement.dispatchEvent (/Users/l_siri/Downloads/im-sprint-react-twittler-spa-master/node_modules/jsdom/lib/jsdom/living/generated/EventTarget.js:231:34)\n    at Object.invokeGuardedCallbackDev (/Users/l_siri/Downloads/im-sprint-react-twittler-spa-master/node_modules/react-dom/cjs/react-dom.development.js:3994:16)\n    at invokeGuardedCallback (/Users/l_siri/Downloads/im-sprint-react-twittler-spa-master/node_modules/react-dom/cjs/react-dom.development.js:4056:31)\n    at beginWork$1 (/Users/l_siri/Downloads/im-sprint-react-twittler-spa-master/node_modules/react-dom/cjs/react-dom.development.js:23964:7)\n    at performUnitOfWork (/Users/l_siri/Downloads/im-sprint-react-twittler-spa-master/node_modules/react-dom/cjs/react-dom.development.js:22779:12)\n    at workLoopSync (/Users/l_siri/Downloads/im-sprint-react-twittler-spa-master/node_modules/react-dom/cjs/react-dom.development.js:22707:5)\n    at renderRootSync (/Users/l_siri/Downloads/im-sprint-react-twittler-spa-master/node_modules/react-dom/cjs/react-dom.development.js:22670:7)\n    at performSyncWorkOnRoot (/Users/l_siri/Downloads/im-sprint-react-twittler-spa-master/node_modules/react-dom/cjs/react-dom.development.js:22293:18)\n    at scheduleUpdateOnFiber (/Users/l_siri/Downloads/im-sprint-react-twittler-spa-master/node_modules/react-dom/cjs/react-dom.development.js:21881:7)\n    at updateContainer (/Users/l_siri/Downloads/im-sprint-react-twittler-spa-master/node_modules/react-dom/cjs/react-dom.development.js:25482:3)\n    at /Users/l_siri/Downloads/im-sprint-react-twittler-spa-master/node_modules/react-dom/cjs/react-dom.development.js:26021:7\n    at unbatchedUpdates (/Users/l_siri/Downloads/im-sprint-react-twittler-spa-master/node_modules/react-dom/cjs/react-dom.development.js:22431:12)\n    at legacyRenderSubtreeIntoContainer (/Users/l_siri/Downloads/im-sprint-react-twittler-spa-master/node_modules/react-dom/cjs/react-dom.development.js:26020:5)\n    at Object.render (/Users/l_siri/Downloads/im-sprint-react-twittler-spa-master/node_modules/react-dom/cjs/react-dom.development.js:26103:10)\n    at /Users/l_siri/Downloads/im-sprint-react-twittler-spa-master/node_modules/@testing-library/react/dist/pure.js:101:25\n    at batchedUpdates$1 (/Users/l_siri/Downloads/im-sprint-react-twittler-spa-master/node_modules/react-dom/cjs/react-dom.development.js:22380:12)\n    at act (/Users/l_siri/Downloads/im-sprint-react-twittler-spa-master/node_modules/react-dom/cjs/react-dom-test-utils.development.js:1042:14)\n    at render (/Users/l_siri/Downloads/im-sprint-react-twittler-spa-master/node_modules/@testing-library/react/dist/pure.js:97:26)\n    at Object.<anonymous> (/Users/l_siri/Downloads/im-sprint-react-twittler-spa-master/src/__tests__/App.test.js:90:27)\n    at Promise.then.completed (/Users/l_siri/Downloads/im-sprint-react-twittler-spa-master/node_modules/jest-circus/build/utils.js:276:28)\n    at new Promise (<anonymous>)\n    at callAsyncCircusFn (/Users/l_siri/Downloads/im-sprint-react-twittler-spa-master/node_modules/jest-circus/build/utils.js:216:10)\n    at _callCircusTest (/Users/l_siri/Downloads/im-sprint-react-twittler-spa-master/node_modules/jest-circus/build/run.js:212:40)\n    at _runTest (/Users/l_siri/Downloads/im-sprint-react-twittler-spa-master/node_modules/jest-circus/build/run.js:149:3)\n    at _runTestsForDescribeBlock (/Users/l_siri/Downloads/im-sprint-react-twittler-spa-master/node_modules/jest-circus/build/run.js:63:9)\n    at _runTestsForDescribeBlock (/Users/l_siri/Downloads/im-sprint-react-twittler-spa-master/node_modules/jest-circus/build/run.js:57:9)\n    at run (/Users/l_siri/Downloads/im-sprint-react-twittler-spa-master/node_modules/jest-circus/build/run.js:25:3)\n    at runAndTransformResultsToJestFormat (/Users/l_siri/Downloads/im-sprint-react-twittler-spa-master/node_modules/jest-circus/build/legacy-code-todo-rewrite/jestAdapterInit.js:176:21)\n    at jestAdapter (/Users/l_siri/Downloads/im-sprint-react-twittler-spa-master/node_modules/jest-circus/build/legacy-code-todo-rewrite/jestAdapter.js:109:19)\n    at runTestInternal (/Users/l_siri/Downloads/im-sprint-react-twittler-spa-master/node_modules/jest-runner/build/runTest.js:380:16)\n    at runTest (/Users/l_siri/Downloads/im-sprint-react-twittler-spa-master/node_modules/jest-runner/build/runTest.js:472:34)"],"fullName":"Sidebar.js 사이드바 구현 Font Awesome을 이용한 Tweets 메뉴 아이콘이 있어야 합니다.(className : \".far .fa-comment-dots\")","location":null,"status":"failed","title":"Font Awesome을 이용한 Tweets 메뉴 아이콘이 있어야 합니다.(className : \".far .fa-comment-dots\")"},{"ancestorTitles":["Sidebar.js 사이드바 구현"],"failureMessages":["Error: Invariant failed: You should not use <withRouter(Sidebar) /> outside a <Router>\n    at invariant (/Users/l_siri/Downloads/im-sprint-react-twittler-spa-master/node_modules/tiny-invariant/dist/tiny-invariant.cjs.js:13:11)\n    at /Users/l_siri/Downloads/im-sprint-react-twittler-spa-master/node_modules/react-router/modules/withRouter.js:19:11\n    at updateContextConsumer (/Users/l_siri/Downloads/im-sprint-react-twittler-spa-master/node_modules/react-dom/cjs/react-dom.development.js:18747:19)\n    at beginWork (/Users/l_siri/Downloads/im-sprint-react-twittler-spa-master/node_modules/react-dom/cjs/react-dom.development.js:19114:14)\n    at HTMLUnknownElement.callCallback (/Users/l_siri/Downloads/im-sprint-react-twittler-spa-master/node_modules/react-dom/cjs/react-dom.development.js:3945:14)\n    at HTMLUnknownElement.callTheUserObjectsOperation (/Users/l_siri/Downloads/im-sprint-react-twittler-spa-master/node_modules/jsdom/lib/jsdom/living/generated/EventListener.js:26:30)\n    at innerInvokeEventListeners (/Users/l_siri/Downloads/im-sprint-react-twittler-spa-master/node_modules/jsdom/lib/jsdom/living/events/EventTarget-impl.js:338:25)\n    at invokeEventListeners (/Users/l_siri/Downloads/im-sprint-react-twittler-spa-master/node_modules/jsdom/lib/jsdom/living/events/EventTarget-impl.js:274:3)\n    at HTMLUnknownElementImpl._dispatch (/Users/l_siri/Downloads/im-sprint-react-twittler-spa-master/node_modules/jsdom/lib/jsdom/living/events/EventTarget-impl.js:221:9)\n    at HTMLUnknownElementImpl.dispatchEvent (/Users/l_siri/Downloads/im-sprint-react-twittler-spa-master/node_modules/jsdom/lib/jsdom/living/events/EventTarget-impl.js:94:17)\n    at HTMLUnknownElement.dispatchEvent (/Users/l_siri/Downloads/im-sprint-react-twittler-spa-master/node_modules/jsdom/lib/jsdom/living/generated/EventTarget.js:231:34)\n    at Object.invokeGuardedCallbackDev (/Users/l_siri/Downloads/im-sprint-react-twittler-spa-master/node_modules/react-dom/cjs/react-dom.development.js:3994:16)\n    at invokeGuardedCallback (/Users/l_siri/Downloads/im-sprint-react-twittler-spa-master/node_modules/react-dom/cjs/react-dom.development.js:4056:31)\n    at beginWork$1 (/Users/l_siri/Downloads/im-sprint-react-twittler-spa-master/node_modules/react-dom/cjs/react-dom.development.js:23964:7)\n    at performUnitOfWork (/Users/l_siri/Downloads/im-sprint-react-twittler-spa-master/node_modules/react-dom/cjs/react-dom.development.js:22779:12)\n    at workLoopSync (/Users/l_siri/Downloads/im-sprint-react-twittler-spa-master/node_modules/react-dom/cjs/react-dom.development.js:22707:5)\n    at renderRootSync (/Users/l_siri/Downloads/im-sprint-react-twittler-spa-master/node_modules/react-dom/cjs/react-dom.development.js:22670:7)\n    at performSyncWorkOnRoot (/Users/l_siri/Downloads/im-sprint-react-twittler-spa-master/node_modules/react-dom/cjs/react-dom.development.js:22293:18)\n    at scheduleUpdateOnFiber (/Users/l_siri/Downloads/im-sprint-react-twittler-spa-master/node_modules/react-dom/cjs/react-dom.development.js:21881:7)\n    at updateContainer (/Users/l_siri/Downloads/im-sprint-react-twittler-spa-master/node_modules/react-dom/cjs/react-dom.development.js:25482:3)\n    at /Users/l_siri/Downloads/im-sprint-react-twittler-spa-master/node_modules/react-dom/cjs/react-dom.development.js:26021:7\n    at unbatchedUpdates (/Users/l_siri/Downloads/im-sprint-react-twittler-spa-master/node_modules/react-dom/cjs/react-dom.development.js:22431:12)\n    at legacyRenderSubtreeIntoContainer (/Users/l_siri/Downloads/im-sprint-react-twittler-spa-master/node_modules/react-dom/cjs/react-dom.development.js:26020:5)\n    at Object.render (/Users/l_siri/Downloads/im-sprint-react-twittler-spa-master/node_modules/react-dom/cjs/react-dom.development.js:26103:10)\n    at /Users/l_siri/Downloads/im-sprint-react-twittler-spa-master/node_modules/@testing-library/react/dist/pure.js:101:25\n    at batchedUpdates$1 (/Users/l_siri/Downloads/im-sprint-react-twittler-spa-master/node_modules/react-dom/cjs/react-dom.development.js:22380:12)\n    at act (/Users/l_siri/Downloads/im-sprint-react-twittler-spa-master/node_modules/react-dom/cjs/react-dom-test-utils.development.js:1042:14)\n    at render (/Users/l_siri/Downloads/im-sprint-react-twittler-spa-master/node_modules/@testing-library/react/dist/pure.js:97:26)\n    at Object.<anonymous> (/Users/l_siri/Downloads/im-sprint-react-twittler-spa-master/src/__tests__/App.test.js:99:27)\n    at Promise.then.completed (/Users/l_siri/Downloads/im-sprint-react-twittler-spa-master/node_modules/jest-circus/build/utils.js:276:28)\n    at new Promise (<anonymous>)\n    at callAsyncCircusFn (/Users/l_siri/Downloads/im-sprint-react-twittler-spa-master/node_modules/jest-circus/build/utils.js:216:10)\n    at _callCircusTest (/Users/l_siri/Downloads/im-sprint-react-twittler-spa-master/node_modules/jest-circus/build/run.js:212:40)\n    at _runTest (/Users/l_siri/Downloads/im-sprint-react-twittler-spa-master/node_modules/jest-circus/build/run.js:149:3)\n    at _runTestsForDescribeBlock (/Users/l_siri/Downloads/im-sprint-react-twittler-spa-master/node_modules/jest-circus/build/run.js:63:9)\n    at _runTestsForDescribeBlock (/Users/l_siri/Downloads/im-sprint-react-twittler-spa-master/node_modules/jest-circus/build/run.js:57:9)\n    at run (/Users/l_siri/Downloads/im-sprint-react-twittler-spa-master/node_modules/jest-circus/build/run.js:25:3)\n    at runAndTransformResultsToJestFormat (/Users/l_siri/Downloads/im-sprint-react-twittler-spa-master/node_modules/jest-circus/build/legacy-code-todo-rewrite/jestAdapterInit.js:176:21)\n    at jestAdapter (/Users/l_siri/Downloads/im-sprint-react-twittler-spa-master/node_modules/jest-circus/build/legacy-code-todo-rewrite/jestAdapter.js:109:19)\n    at runTestInternal (/Users/l_siri/Downloads/im-sprint-react-twittler-spa-master/node_modules/jest-runner/build/runTest.js:380:16)\n    at runTest (/Users/l_siri/Downloads/im-sprint-react-twittler-spa-master/node_modules/jest-runner/build/runTest.js:472:34)"],"fullName":"Sidebar.js 사이드바 구현 Font Awesome을 이용한 About 메뉴 아이콘이 있어야 합니다.(className : \".far .fa-question-circle\")","location":null,"status":"failed","title":"Font Awesome을 이용한 About 메뉴 아이콘이 있어야 합니다.(className : \".far .fa-question-circle\")"},{"ancestorTitles":["Sidebar.js 사이드바 구현"],"failureMessages":["Error: Invariant failed: You should not use <withRouter(Sidebar) /> outside a <Router>\n    at invariant (/Users/l_siri/Downloads/im-sprint-react-twittler-spa-master/node_modules/tiny-invariant/dist/tiny-invariant.cjs.js:13:11)\n    at /Users/l_siri/Downloads/im-sprint-react-twittler-spa-master/node_modules/react-router/modules/withRouter.js:19:11\n    at updateContextConsumer (/Users/l_siri/Downloads/im-sprint-react-twittler-spa-master/node_modules/react-dom/cjs/react-dom.development.js:18747:19)\n    at beginWork (/Users/l_siri/Downloads/im-sprint-react-twittler-spa-master/node_modules/react-dom/cjs/react-dom.development.js:19114:14)\n    at HTMLUnknownElement.callCallback (/Users/l_siri/Downloads/im-sprint-react-twittler-spa-master/node_modules/react-dom/cjs/react-dom.development.js:3945:14)\n    at HTMLUnknownElement.callTheUserObjectsOperation (/Users/l_siri/Downloads/im-sprint-react-twittler-spa-master/node_modules/jsdom/lib/jsdom/living/generated/EventListener.js:26:30)\n    at innerInvokeEventListeners (/Users/l_siri/Downloads/im-sprint-react-twittler-spa-master/node_modules/jsdom/lib/jsdom/living/events/EventTarget-impl.js:338:25)\n    at invokeEventListeners (/Users/l_siri/Downloads/im-sprint-react-twittler-spa-master/node_modules/jsdom/lib/jsdom/living/events/EventTarget-impl.js:274:3)\n    at HTMLUnknownElementImpl._dispatch (/Users/l_siri/Downloads/im-sprint-react-twittler-spa-master/node_modules/jsdom/lib/jsdom/living/events/EventTarget-impl.js:221:9)\n    at HTMLUnknownElementImpl.dispatchEvent (/Users/l_siri/Downloads/im-sprint-react-twittler-spa-master/node_modules/jsdom/lib/jsdom/living/events/EventTarget-impl.js:94:17)\n    at HTMLUnknownElement.dispatchEvent (/Users/l_siri/Downloads/im-sprint-react-twittler-spa-master/node_modules/jsdom/lib/jsdom/living/generated/EventTarget.js:231:34)\n    at Object.invokeGuardedCallbackDev (/Users/l_siri/Downloads/im-sprint-react-twittler-spa-master/node_modules/react-dom/cjs/react-dom.development.js:3994:16)\n    at invokeGuardedCallback (/Users/l_siri/Downloads/im-sprint-react-twittler-spa-master/node_modules/react-dom/cjs/react-dom.development.js:4056:31)\n    at beginWork$1 (/Users/l_siri/Downloads/im-sprint-react-twittler-spa-master/node_modules/react-dom/cjs/react-dom.development.js:23964:7)\n    at performUnitOfWork (/Users/l_siri/Downloads/im-sprint-react-twittler-spa-master/node_modules/react-dom/cjs/react-dom.development.js:22779:12)\n    at workLoopSync (/Users/l_siri/Downloads/im-sprint-react-twittler-spa-master/node_modules/react-dom/cjs/react-dom.development.js:22707:5)\n    at renderRootSync (/Users/l_siri/Downloads/im-sprint-react-twittler-spa-master/node_modules/react-dom/cjs/react-dom.development.js:22670:7)\n    at performSyncWorkOnRoot (/Users/l_siri/Downloads/im-sprint-react-twittler-spa-master/node_modules/react-dom/cjs/react-dom.development.js:22293:18)\n    at scheduleUpdateOnFiber (/Users/l_siri/Downloads/im-sprint-react-twittler-spa-master/node_modules/react-dom/cjs/react-dom.development.js:21881:7)\n    at updateContainer (/Users/l_siri/Downloads/im-sprint-react-twittler-spa-master/node_modules/react-dom/cjs/react-dom.development.js:25482:3)\n    at /Users/l_siri/Downloads/im-sprint-react-twittler-spa-master/node_modules/react-dom/cjs/react-dom.development.js:26021:7\n    at unbatchedUpdates (/Users/l_siri/Downloads/im-sprint-react-twittler-spa-master/node_modules/react-dom/cjs/react-dom.development.js:22431:12)\n    at legacyRenderSubtreeIntoContainer (/Users/l_siri/Downloads/im-sprint-react-twittler-spa-master/node_modules/react-dom/cjs/react-dom.development.js:26020:5)\n    at Object.render (/Users/l_siri/Downloads/im-sprint-react-twittler-spa-master/node_modules/react-dom/cjs/react-dom.development.js:26103:10)\n    at /Users/l_siri/Downloads/im-sprint-react-twittler-spa-master/node_modules/@testing-library/react/dist/pure.js:101:25\n    at batchedUpdates$1 (/Users/l_siri/Downloads/im-sprint-react-twittler-spa-master/node_modules/react-dom/cjs/react-dom.development.js:22380:12)\n    at act (/Users/l_siri/Downloads/im-sprint-react-twittler-spa-master/node_modules/react-dom/cjs/react-dom-test-utils.development.js:1042:14)\n    at render (/Users/l_siri/Downloads/im-sprint-react-twittler-spa-master/node_modules/@testing-library/react/dist/pure.js:97:26)\n    at Object.<anonymous> (/Users/l_siri/Downloads/im-sprint-react-twittler-spa-master/src/__tests__/App.test.js:108:27)\n    at Promise.then.completed (/Users/l_siri/Downloads/im-sprint-react-twittler-spa-master/node_modules/jest-circus/build/utils.js:276:28)\n    at new Promise (<anonymous>)\n    at callAsyncCircusFn (/Users/l_siri/Downloads/im-sprint-react-twittler-spa-master/node_modules/jest-circus/build/utils.js:216:10)\n    at _callCircusTest (/Users/l_siri/Downloads/im-sprint-react-twittler-spa-master/node_modules/jest-circus/build/run.js:212:40)\n    at _runTest (/Users/l_siri/Downloads/im-sprint-react-twittler-spa-master/node_modules/jest-circus/build/run.js:149:3)\n    at _runTestsForDescribeBlock (/Users/l_siri/Downloads/im-sprint-react-twittler-spa-master/node_modules/jest-circus/build/run.js:63:9)\n    at _runTestsForDescribeBlock (/Users/l_siri/Downloads/im-sprint-react-twittler-spa-master/node_modules/jest-circus/build/run.js:57:9)\n    at run (/Users/l_siri/Downloads/im-sprint-react-twittler-spa-master/node_modules/jest-circus/build/run.js:25:3)\n    at runAndTransformResultsToJestFormat (/Users/l_siri/Downloads/im-sprint-react-twittler-spa-master/node_modules/jest-circus/build/legacy-code-todo-rewrite/jestAdapterInit.js:176:21)\n    at jestAdapter (/Users/l_siri/Downloads/im-sprint-react-twittler-spa-master/node_modules/jest-circus/build/legacy-code-todo-rewrite/jestAdapter.js:109:19)\n    at runTestInternal (/Users/l_siri/Downloads/im-sprint-react-twittler-spa-master/node_modules/jest-runner/build/runTest.js:380:16)\n    at runTest (/Users/l_siri/Downloads/im-sprint-react-twittler-spa-master/node_modules/jest-runner/build/runTest.js:472:34)"],"fullName":"Sidebar.js 사이드바 구현 Font Awesome을 이용한 MyPage 메뉴 아이콘이 있어야 합니다.(className : \".far .fa-user\")","location":null,"status":"failed","title":"Font Awesome을 이용한 MyPage 메뉴 아이콘이 있어야 합니다.(className : \".far .fa-user\")"},{"ancestorTitles":["Sidebar.js 사이드바 구현","Sidebar 컴포넌트에는"],"failureMessages":[],"fullName":"Sidebar.js 사이드바 구현 Sidebar 컴포넌트에는 React Router의 Link 컴포넌트가 3개 있어야 합니다.","location":null,"status":"passed","title":"React Router의 Link 컴포넌트가 3개 있어야 합니다."},{"ancestorTitles":["Sidebar.js 사이드바 구현","Sidebar 컴포넌트에는"],"failureMessages":["Error: Invariant failed: You should not use <withRouter(Sidebar) /> outside a <Router>\n    at invariant (/Users/l_siri/Downloads/im-sprint-react-twittler-spa-master/node_modules/tiny-invariant/dist/tiny-invariant.cjs.js:13:11)\n    at /Users/l_siri/Downloads/im-sprint-react-twittler-spa-master/node_modules/react-router/modules/withRouter.js:19:11\n    at updateContextConsumer (/Users/l_siri/Downloads/im-sprint-react-twittler-spa-master/node_modules/react-dom/cjs/react-dom.development.js:18747:19)\n    at beginWork (/Users/l_siri/Downloads/im-sprint-react-twittler-spa-master/node_modules/react-dom/cjs/react-dom.development.js:19114:14)\n    at HTMLUnknownElement.callCallback (/Users/l_siri/Downloads/im-sprint-react-twittler-spa-master/node_modules/react-dom/cjs/react-dom.development.js:3945:14)\n    at HTMLUnknownElement.callTheUserObjectsOperation (/Users/l_siri/Downloads/im-sprint-react-twittler-spa-master/node_modules/jsdom/lib/jsdom/living/generated/EventListener.js:26:30)\n    at innerInvokeEventListeners (/Users/l_siri/Downloads/im-sprint-react-twittler-spa-master/node_modules/jsdom/lib/jsdom/living/events/EventTarget-impl.js:338:25)\n    at invokeEventListeners (/Users/l_siri/Downloads/im-sprint-react-twittler-spa-master/node_modules/jsdom/lib/jsdom/living/events/EventTarget-impl.js:274:3)\n    at HTMLUnknownElementImpl._dispatch (/Users/l_siri/Downloads/im-sprint-react-twittler-spa-master/node_modules/jsdom/lib/jsdom/living/events/EventTarget-impl.js:221:9)\n    at HTMLUnknownElementImpl.dispatchEvent (/Users/l_siri/Downloads/im-sprint-react-twittler-spa-master/node_modules/jsdom/lib/jsdom/living/events/EventTarget-impl.js:94:17)\n    at HTMLUnknownElement.dispatchEvent (/Users/l_siri/Downloads/im-sprint-react-twittler-spa-master/node_modules/jsdom/lib/jsdom/living/generated/EventTarget.js:231:34)\n    at Object.invokeGuardedCallbackDev (/Users/l_siri/Downloads/im-sprint-react-twittler-spa-master/node_modules/react-dom/cjs/react-dom.development.js:3994:16)\n    at invokeGuardedCallback (/Users/l_siri/Downloads/im-sprint-react-twittler-spa-master/node_modules/react-dom/cjs/react-dom.development.js:4056:31)\n    at beginWork$1 (/Users/l_siri/Downloads/im-sprint-react-twittler-spa-master/node_modules/react-dom/cjs/react-dom.development.js:23964:7)\n    at performUnitOfWork (/Users/l_siri/Downloads/im-sprint-react-twittler-spa-master/node_modules/react-dom/cjs/react-dom.development.js:22779:12)\n    at workLoopSync (/Users/l_siri/Downloads/im-sprint-react-twittler-spa-master/node_modules/react-dom/cjs/react-dom.development.js:22707:5)\n    at renderRootSync (/Users/l_siri/Downloads/im-sprint-react-twittler-spa-master/node_modules/react-dom/cjs/react-dom.development.js:22670:7)\n    at performSyncWorkOnRoot (/Users/l_siri/Downloads/im-sprint-react-twittler-spa-master/node_modules/react-dom/cjs/react-dom.development.js:22293:18)\n    at scheduleUpdateOnFiber (/Users/l_siri/Downloads/im-sprint-react-twittler-spa-master/node_modules/react-dom/cjs/react-dom.development.js:21881:7)\n    at updateContainer (/Users/l_siri/Downloads/im-sprint-react-twittler-spa-master/node_modules/react-dom/cjs/react-dom.development.js:25482:3)\n    at /Users/l_siri/Downloads/im-sprint-react-twittler-spa-master/node_modules/react-dom/cjs/react-dom.development.js:26021:7\n    at unbatchedUpdates (/Users/l_siri/Downloads/im-sprint-react-twittler-spa-master/node_modules/react-dom/cjs/react-dom.development.js:22431:12)\n    at legacyRenderSubtreeIntoContainer (/Users/l_siri/Downloads/im-sprint-react-twittler-spa-master/node_modules/react-dom/cjs/react-dom.development.js:26020:5)\n    at Object.render (/Users/l_siri/Downloads/im-sprint-react-twittler-spa-master/node_modules/react-dom/cjs/react-dom.development.js:26103:10)\n    at /Users/l_siri/Downloads/im-sprint-react-twittler-spa-master/node_modules/@testing-library/react/dist/pure.js:101:25\n    at batchedUpdates$1 (/Users/l_siri/Downloads/im-sprint-react-twittler-spa-master/node_modules/react-dom/cjs/react-dom.development.js:22380:12)\n    at act (/Users/l_siri/Downloads/im-sprint-react-twittler-spa-master/node_modules/react-dom/cjs/react-dom-test-utils.development.js:1042:14)\n    at render (/Users/l_siri/Downloads/im-sprint-react-twittler-spa-master/node_modules/@testing-library/react/dist/pure.js:97:26)\n    at Object.<anonymous> (/Users/l_siri/Downloads/im-sprint-react-twittler-spa-master/src/__tests__/App.test.js:130:29)\n    at Promise.then.completed (/Users/l_siri/Downloads/im-sprint-react-twittler-spa-master/node_modules/jest-circus/build/utils.js:276:28)\n    at new Promise (<anonymous>)\n    at callAsyncCircusFn (/Users/l_siri/Downloads/im-sprint-react-twittler-spa-master/node_modules/jest-circus/build/utils.js:216:10)\n    at _callCircusTest (/Users/l_siri/Downloads/im-sprint-react-twittler-spa-master/node_modules/jest-circus/build/run.js:212:40)\n    at _runTest (/Users/l_siri/Downloads/im-sprint-react-twittler-spa-master/node_modules/jest-circus/build/run.js:149:3)\n    at _runTestsForDescribeBlock (/Users/l_siri/Downloads/im-sprint-react-twittler-spa-master/node_modules/jest-circus/build/run.js:63:9)\n    at _runTestsForDescribeBlock (/Users/l_siri/Downloads/im-sprint-react-twittler-spa-master/node_modules/jest-circus/build/run.js:57:9)\n    at _runTestsForDescribeBlock (/Users/l_siri/Downloads/im-sprint-react-twittler-spa-master/node_modules/jest-circus/build/run.js:57:9)\n    at run (/Users/l_siri/Downloads/im-sprint-react-twittler-spa-master/node_modules/jest-circus/build/run.js:25:3)\n    at runAndTransformResultsToJestFormat (/Users/l_siri/Downloads/im-sprint-react-twittler-spa-master/node_modules/jest-circus/build/legacy-code-todo-rewrite/jestAdapterInit.js:176:21)\n    at jestAdapter (/Users/l_siri/Downloads/im-sprint-react-twittler-spa-master/node_modules/jest-circus/build/legacy-code-todo-rewrite/jestAdapter.js:109:19)\n    at runTestInternal (/Users/l_siri/Downloads/im-sprint-react-twittler-spa-master/node_modules/jest-runner/build/runTest.js:380:16)\n    at runTest (/Users/l_siri/Downloads/im-sprint-react-twittler-spa-master/node_modules/jest-runner/build/runTest.js:472:34)"],"fullName":"Sidebar.js 사이드바 구현 Sidebar 컴포넌트에는 Tweets 아이콘의 Link 컴포넌트는 \"/\" 로 연결되야 합니다.","location":null,"status":"failed","title":"Tweets 아이콘의 Link 컴포넌트는 \"/\" 로 연결되야 합니다."},{"ancestorTitles":["Sidebar.js 사이드바 구현","Sidebar 컴포넌트에는"],"failureMessages":["Error: Invariant failed: You should not use <withRouter(Sidebar) /> outside a <Router>\n    at invariant (/Users/l_siri/Downloads/im-sprint-react-twittler-spa-master/node_modules/tiny-invariant/dist/tiny-invariant.cjs.js:13:11)\n    at /Users/l_siri/Downloads/im-sprint-react-twittler-spa-master/node_modules/react-router/modules/withRouter.js:19:11\n    at updateContextConsumer (/Users/l_siri/Downloads/im-sprint-react-twittler-spa-master/node_modules/react-dom/cjs/react-dom.development.js:18747:19)\n    at beginWork (/Users/l_siri/Downloads/im-sprint-react-twittler-spa-master/node_modules/react-dom/cjs/react-dom.development.js:19114:14)\n    at HTMLUnknownElement.callCallback (/Users/l_siri/Downloads/im-sprint-react-twittler-spa-master/node_modules/react-dom/cjs/react-dom.development.js:3945:14)\n    at HTMLUnknownElement.callTheUserObjectsOperation (/Users/l_siri/Downloads/im-sprint-react-twittler-spa-master/node_modules/jsdom/lib/jsdom/living/generated/EventListener.js:26:30)\n    at innerInvokeEventListeners (/Users/l_siri/Downloads/im-sprint-react-twittler-spa-master/node_modules/jsdom/lib/jsdom/living/events/EventTarget-impl.js:338:25)\n    at invokeEventListeners (/Users/l_siri/Downloads/im-sprint-react-twittler-spa-master/node_modules/jsdom/lib/jsdom/living/events/EventTarget-impl.js:274:3)\n    at HTMLUnknownElementImpl._dispatch (/Users/l_siri/Downloads/im-sprint-react-twittler-spa-master/node_modules/jsdom/lib/jsdom/living/events/EventTarget-impl.js:221:9)\n    at HTMLUnknownElementImpl.dispatchEvent (/Users/l_siri/Downloads/im-sprint-react-twittler-spa-master/node_modules/jsdom/lib/jsdom/living/events/EventTarget-impl.js:94:17)\n    at HTMLUnknownElement.dispatchEvent (/Users/l_siri/Downloads/im-sprint-react-twittler-spa-master/node_modules/jsdom/lib/jsdom/living/generated/EventTarget.js:231:34)\n    at Object.invokeGuardedCallbackDev (/Users/l_siri/Downloads/im-sprint-react-twittler-spa-master/node_modules/react-dom/cjs/react-dom.development.js:3994:16)\n    at invokeGuardedCallback (/Users/l_siri/Downloads/im-sprint-react-twittler-spa-master/node_modules/react-dom/cjs/react-dom.development.js:4056:31)\n    at beginWork$1 (/Users/l_siri/Downloads/im-sprint-react-twittler-spa-master/node_modules/react-dom/cjs/react-dom.development.js:23964:7)\n    at performUnitOfWork (/Users/l_siri/Downloads/im-sprint-react-twittler-spa-master/node_modules/react-dom/cjs/react-dom.development.js:22779:12)\n    at workLoopSync (/Users/l_siri/Downloads/im-sprint-react-twittler-spa-master/node_modules/react-dom/cjs/react-dom.development.js:22707:5)\n    at renderRootSync (/Users/l_siri/Downloads/im-sprint-react-twittler-spa-master/node_modules/react-dom/cjs/react-dom.development.js:22670:7)\n    at performSyncWorkOnRoot (/Users/l_siri/Downloads/im-sprint-react-twittler-spa-master/node_modules/react-dom/cjs/react-dom.development.js:22293:18)\n    at scheduleUpdateOnFiber (/Users/l_siri/Downloads/im-sprint-react-twittler-spa-master/node_modules/react-dom/cjs/react-dom.development.js:21881:7)\n    at updateContainer (/Users/l_siri/Downloads/im-sprint-react-twittler-spa-master/node_modules/react-dom/cjs/react-dom.development.js:25482:3)\n    at /Users/l_siri/Downloads/im-sprint-react-twittler-spa-master/node_modules/react-dom/cjs/react-dom.development.js:26021:7\n    at unbatchedUpdates (/Users/l_siri/Downloads/im-sprint-react-twittler-spa-master/node_modules/react-dom/cjs/react-dom.development.js:22431:12)\n    at legacyRenderSubtreeIntoContainer (/Users/l_siri/Downloads/im-sprint-react-twittler-spa-master/node_modules/react-dom/cjs/react-dom.development.js:26020:5)\n    at Object.render (/Users/l_siri/Downloads/im-sprint-react-twittler-spa-master/node_modules/react-dom/cjs/react-dom.development.js:26103:10)\n    at /Users/l_siri/Downloads/im-sprint-react-twittler-spa-master/node_modules/@testing-library/react/dist/pure.js:101:25\n    at batchedUpdates$1 (/Users/l_siri/Downloads/im-sprint-react-twittler-spa-master/node_modules/react-dom/cjs/react-dom.development.js:22380:12)\n    at act (/Users/l_siri/Downloads/im-sprint-react-twittler-spa-master/node_modules/react-dom/cjs/react-dom-test-utils.development.js:1042:14)\n    at render (/Users/l_siri/Downloads/im-sprint-react-twittler-spa-master/node_modules/@testing-library/react/dist/pure.js:97:26)\n    at Object.<anonymous> (/Users/l_siri/Downloads/im-sprint-react-twittler-spa-master/src/__tests__/App.test.js:137:29)\n    at Promise.then.completed (/Users/l_siri/Downloads/im-sprint-react-twittler-spa-master/node_modules/jest-circus/build/utils.js:276:28)\n    at new Promise (<anonymous>)\n    at callAsyncCircusFn (/Users/l_siri/Downloads/im-sprint-react-twittler-spa-master/node_modules/jest-circus/build/utils.js:216:10)\n    at _callCircusTest (/Users/l_siri/Downloads/im-sprint-react-twittler-spa-master/node_modules/jest-circus/build/run.js:212:40)\n    at _runTest (/Users/l_siri/Downloads/im-sprint-react-twittler-spa-master/node_modules/jest-circus/build/run.js:149:3)\n    at _runTestsForDescribeBlock (/Users/l_siri/Downloads/im-sprint-react-twittler-spa-master/node_modules/jest-circus/build/run.js:63:9)\n    at _runTestsForDescribeBlock (/Users/l_siri/Downloads/im-sprint-react-twittler-spa-master/node_modules/jest-circus/build/run.js:57:9)\n    at _runTestsForDescribeBlock (/Users/l_siri/Downloads/im-sprint-react-twittler-spa-master/node_modules/jest-circus/build/run.js:57:9)\n    at run (/Users/l_siri/Downloads/im-sprint-react-twittler-spa-master/node_modules/jest-circus/build/run.js:25:3)\n    at runAndTransformResultsToJestFormat (/Users/l_siri/Downloads/im-sprint-react-twittler-spa-master/node_modules/jest-circus/build/legacy-code-todo-rewrite/jestAdapterInit.js:176:21)\n    at jestAdapter (/Users/l_siri/Downloads/im-sprint-react-twittler-spa-master/node_modules/jest-circus/build/legacy-code-todo-rewrite/jestAdapter.js:109:19)\n    at runTestInternal (/Users/l_siri/Downloads/im-sprint-react-twittler-spa-master/node_modules/jest-runner/build/runTest.js:380:16)\n    at runTest (/Users/l_siri/Downloads/im-sprint-react-twittler-spa-master/node_modules/jest-runner/build/runTest.js:472:34)"],"fullName":"Sidebar.js 사이드바 구현 Sidebar 컴포넌트에는 About 아이콘의 Link 컴포넌트는 \"/about\" 로 연결되야 합니다.","location":null,"status":"failed","title":"About 아이콘의 Link 컴포넌트는 \"/about\" 로 연결되야 합니다."},{"ancestorTitles":["Sidebar.js 사이드바 구현","Sidebar 컴포넌트에는"],"failureMessages":["Error: Invariant failed: You should not use <withRouter(Sidebar) /> outside a <Router>\n    at invariant (/Users/l_siri/Downloads/im-sprint-react-twittler-spa-master/node_modules/tiny-invariant/dist/tiny-invariant.cjs.js:13:11)\n    at /Users/l_siri/Downloads/im-sprint-react-twittler-spa-master/node_modules/react-router/modules/withRouter.js:19:11\n    at updateContextConsumer (/Users/l_siri/Downloads/im-sprint-react-twittler-spa-master/node_modules/react-dom/cjs/react-dom.development.js:18747:19)\n    at beginWork (/Users/l_siri/Downloads/im-sprint-react-twittler-spa-master/node_modules/react-dom/cjs/react-dom.development.js:19114:14)\n    at HTMLUnknownElement.callCallback (/Users/l_siri/Downloads/im-sprint-react-twittler-spa-master/node_modules/react-dom/cjs/react-dom.development.js:3945:14)\n    at HTMLUnknownElement.callTheUserObjectsOperation (/Users/l_siri/Downloads/im-sprint-react-twittler-spa-master/node_modules/jsdom/lib/jsdom/living/generated/EventListener.js:26:30)\n    at innerInvokeEventListeners (/Users/l_siri/Downloads/im-sprint-react-twittler-spa-master/node_modules/jsdom/lib/jsdom/living/events/EventTarget-impl.js:338:25)\n    at invokeEventListeners (/Users/l_siri/Downloads/im-sprint-react-twittler-spa-master/node_modules/jsdom/lib/jsdom/living/events/EventTarget-impl.js:274:3)\n    at HTMLUnknownElementImpl._dispatch (/Users/l_siri/Downloads/im-sprint-react-twittler-spa-master/node_modules/jsdom/lib/jsdom/living/events/EventTarget-impl.js:221:9)\n    at HTMLUnknownElementImpl.dispatchEvent (/Users/l_siri/Downloads/im-sprint-react-twittler-spa-master/node_modules/jsdom/lib/jsdom/living/events/EventTarget-impl.js:94:17)\n    at HTMLUnknownElement.dispatchEvent (/Users/l_siri/Downloads/im-sprint-react-twittler-spa-master/node_modules/jsdom/lib/jsdom/living/generated/EventTarget.js:231:34)\n    at Object.invokeGuardedCallbackDev (/Users/l_siri/Downloads/im-sprint-react-twittler-spa-master/node_modules/react-dom/cjs/react-dom.development.js:3994:16)\n    at invokeGuardedCallback (/Users/l_siri/Downloads/im-sprint-react-twittler-spa-master/node_modules/react-dom/cjs/react-dom.development.js:4056:31)\n    at beginWork$1 (/Users/l_siri/Downloads/im-sprint-react-twittler-spa-master/node_modules/react-dom/cjs/react-dom.development.js:23964:7)\n    at performUnitOfWork (/Users/l_siri/Downloads/im-sprint-react-twittler-spa-master/node_modules/react-dom/cjs/react-dom.development.js:22779:12)\n    at workLoopSync (/Users/l_siri/Downloads/im-sprint-react-twittler-spa-master/node_modules/react-dom/cjs/react-dom.development.js:22707:5)\n    at renderRootSync (/Users/l_siri/Downloads/im-sprint-react-twittler-spa-master/node_modules/react-dom/cjs/react-dom.development.js:22670:7)\n    at performSyncWorkOnRoot (/Users/l_siri/Downloads/im-sprint-react-twittler-spa-master/node_modules/react-dom/cjs/react-dom.development.js:22293:18)\n    at scheduleUpdateOnFiber (/Users/l_siri/Downloads/im-sprint-react-twittler-spa-master/node_modules/react-dom/cjs/react-dom.development.js:21881:7)\n    at updateContainer (/Users/l_siri/Downloads/im-sprint-react-twittler-spa-master/node_modules/react-dom/cjs/react-dom.development.js:25482:3)\n    at /Users/l_siri/Downloads/im-sprint-react-twittler-spa-master/node_modules/react-dom/cjs/react-dom.development.js:26021:7\n    at unbatchedUpdates (/Users/l_siri/Downloads/im-sprint-react-twittler-spa-master/node_modules/react-dom/cjs/react-dom.development.js:22431:12)\n    at legacyRenderSubtreeIntoContainer (/Users/l_siri/Downloads/im-sprint-react-twittler-spa-master/node_modules/react-dom/cjs/react-dom.development.js:26020:5)\n    at Object.render (/Users/l_siri/Downloads/im-sprint-react-twittler-spa-master/node_modules/react-dom/cjs/react-dom.development.js:26103:10)\n    at /Users/l_siri/Downloads/im-sprint-react-twittler-spa-master/node_modules/@testing-library/react/dist/pure.js:101:25\n    at batchedUpdates$1 (/Users/l_siri/Downloads/im-sprint-react-twittler-spa-master/node_modules/react-dom/cjs/react-dom.development.js:22380:12)\n    at act (/Users/l_siri/Downloads/im-sprint-react-twittler-spa-master/node_modules/react-dom/cjs/react-dom-test-utils.development.js:1042:14)\n    at render (/Users/l_siri/Downloads/im-sprint-react-twittler-spa-master/node_modules/@testing-library/react/dist/pure.js:97:26)\n    at Object.<anonymous> (/Users/l_siri/Downloads/im-sprint-react-twittler-spa-master/src/__tests__/App.test.js:144:29)\n    at Promise.then.completed (/Users/l_siri/Downloads/im-sprint-react-twittler-spa-master/node_modules/jest-circus/build/utils.js:276:28)\n    at new Promise (<anonymous>)\n    at callAsyncCircusFn (/Users/l_siri/Downloads/im-sprint-react-twittler-spa-master/node_modules/jest-circus/build/utils.js:216:10)\n    at _callCircusTest (/Users/l_siri/Downloads/im-sprint-react-twittler-spa-master/node_modules/jest-circus/build/run.js:212:40)\n    at _runTest (/Users/l_siri/Downloads/im-sprint-react-twittler-spa-master/node_modules/jest-circus/build/run.js:149:3)\n    at _runTestsForDescribeBlock (/Users/l_siri/Downloads/im-sprint-react-twittler-spa-master/node_modules/jest-circus/build/run.js:63:9)\n    at _runTestsForDescribeBlock (/Users/l_siri/Downloads/im-sprint-react-twittler-spa-master/node_modules/jest-circus/build/run.js:57:9)\n    at _runTestsForDescribeBlock (/Users/l_siri/Downloads/im-sprint-react-twittler-spa-master/node_modules/jest-circus/build/run.js:57:9)\n    at run (/Users/l_siri/Downloads/im-sprint-react-twittler-spa-master/node_modules/jest-circus/build/run.js:25:3)\n    at runAndTransformResultsToJestFormat (/Users/l_siri/Downloads/im-sprint-react-twittler-spa-master/node_modules/jest-circus/build/legacy-code-todo-rewrite/jestAdapterInit.js:176:21)\n    at jestAdapter (/Users/l_siri/Downloads/im-sprint-react-twittler-spa-master/node_modules/jest-circus/build/legacy-code-todo-rewrite/jestAdapter.js:109:19)\n    at runTestInternal (/Users/l_siri/Downloads/im-sprint-react-twittler-spa-master/node_modules/jest-runner/build/runTest.js:380:16)\n    at runTest (/Users/l_siri/Downloads/im-sprint-react-twittler-spa-master/node_modules/jest-runner/build/runTest.js:472:34)"],"fullName":"Sidebar.js 사이드바 구현 Sidebar 컴포넌트에는 MyPage 아이콘의 Link 컴포넌트는 \"/mypage\" 로 연결되야 합니다.","location":null,"status":"failed","title":"MyPage 아이콘의 Link 컴포넌트는 \"/mypage\" 로 연결되야 합니다."},{"ancestorTitles":["MyPage.js Components"],"failureMessages":[],"fullName":"MyPage.js Components MyPage 컴포넌트의 자식 컴포넌트로 Footer 컴포넌트가 있어야 합니다.","location":null,"status":"passed","title":"MyPage 컴포넌트의 자식 컴포넌트로 Footer 컴포넌트가 있어야 합니다."},{"ancestorTitles":["MyPage.js Components","MyPage 데이터 렌더링 테스트"],"failureMessages":[],"fullName":"MyPage.js Components MyPage 데이터 렌더링 테스트 kimcoding이 작성한 트윗만 보여야 합니다.","location":null,"status":"passed","title":"kimcoding이 작성한 트윗만 보여야 합니다."},{"ancestorTitles":["Tweets.js Components"],"failureMessages":[],"fullName":"Tweets.js Components Tweets 컴포넌트의 후손 컴포넌트로 Footer 컴포넌트가 있어야 합니다.","location":null,"status":"passed","title":"Tweets 컴포넌트의 후손 컴포넌트로 Footer 컴포넌트가 있어야 합니다."},{"ancestorTitles":["Tweets.js Components","Tweets 데이터 렌더링 테스트"],"failureMessages":[],"fullName":"Tweets.js Components Tweets 데이터 렌더링 테스트 dummyTweets의 길이 만큼 트윗이 보여야 합니다.","location":null,"status":"passed","title":"dummyTweets의 길이 만큼 트윗이 보여야 합니다."},{"ancestorTitles":["React Router로 SPA 구현하기"],"failureMessages":["Error: Invariant failed: You should not use <withRouter(Sidebar) /> outside a <Router>\n    at invariant (/Users/l_siri/Downloads/im-sprint-react-twittler-spa-master/node_modules/tiny-invariant/dist/tiny-invariant.cjs.js:13:11)\n    at /Users/l_siri/Downloads/im-sprint-react-twittler-spa-master/node_modules/react-router/modules/withRouter.js:19:11\n    at updateContextConsumer (/Users/l_siri/Downloads/im-sprint-react-twittler-spa-master/node_modules/react-test-renderer/cjs/react-test-renderer.development.js:9665:19)\n    at beginWork (/Users/l_siri/Downloads/im-sprint-react-twittler-spa-master/node_modules/react-test-renderer/cjs/react-test-renderer.development.js:10031:14)\n    at performUnitOfWork (/Users/l_siri/Downloads/im-sprint-react-twittler-spa-master/node_modules/react-test-renderer/cjs/react-test-renderer.development.js:13800:12)\n    at workLoopSync (/Users/l_siri/Downloads/im-sprint-react-twittler-spa-master/node_modules/react-test-renderer/cjs/react-test-renderer.development.js:13728:5)\n    at renderRootSync (/Users/l_siri/Downloads/im-sprint-react-twittler-spa-master/node_modules/react-test-renderer/cjs/react-test-renderer.development.js:13691:7)\n    at performSyncWorkOnRoot (/Users/l_siri/Downloads/im-sprint-react-twittler-spa-master/node_modules/react-test-renderer/cjs/react-test-renderer.development.js:13404:18)\n    at /Users/l_siri/Downloads/im-sprint-react-twittler-spa-master/node_modules/react-test-renderer/cjs/react-test-renderer.development.js:2537:26\n    at unstable_runWithPriority (/Users/l_siri/Downloads/im-sprint-react-twittler-spa-master/node_modules/scheduler/cjs/scheduler.development.js:468:12)\n    at runWithPriority (/Users/l_siri/Downloads/im-sprint-react-twittler-spa-master/node_modules/react-test-renderer/cjs/react-test-renderer.development.js:2486:10)\n    at flushSyncCallbackQueueImpl (/Users/l_siri/Downloads/im-sprint-react-twittler-spa-master/node_modules/react-test-renderer/cjs/react-test-renderer.development.js:2532:9)\n    at flushSyncCallbackQueue (/Users/l_siri/Downloads/im-sprint-react-twittler-spa-master/node_modules/react-test-renderer/cjs/react-test-renderer.development.js:2519:3)\n    at scheduleUpdateOnFiber (/Users/l_siri/Downloads/im-sprint-react-twittler-spa-master/node_modules/react-test-renderer/cjs/react-test-renderer.development.js:13004:9)\n    at updateContainer (/Users/l_siri/Downloads/im-sprint-react-twittler-spa-master/node_modules/react-test-renderer/cjs/react-test-renderer.development.js:16454:3)\n    at Object.create (/Users/l_siri/Downloads/im-sprint-react-twittler-spa-master/node_modules/react-test-renderer/cjs/react-test-renderer.development.js:17149:3)\n    at Object.<anonymous> (/Users/l_siri/Downloads/im-sprint-react-twittler-spa-master/src/__tests__/App.test.js:199:40)\n    at Promise.then.completed (/Users/l_siri/Downloads/im-sprint-react-twittler-spa-master/node_modules/jest-circus/build/utils.js:276:28)\n    at new Promise (<anonymous>)\n    at callAsyncCircusFn (/Users/l_siri/Downloads/im-sprint-react-twittler-spa-master/node_modules/jest-circus/build/utils.js:216:10)\n    at _callCircusTest (/Users/l_siri/Downloads/im-sprint-react-twittler-spa-master/node_modules/jest-circus/build/run.js:212:40)\n    at _runTest (/Users/l_siri/Downloads/im-sprint-react-twittler-spa-master/node_modules/jest-circus/build/run.js:149:3)\n    at _runTestsForDescribeBlock (/Users/l_siri/Downloads/im-sprint-react-twittler-spa-master/node_modules/jest-circus/build/run.js:63:9)\n    at _runTestsForDescribeBlock (/Users/l_siri/Downloads/im-sprint-react-twittler-spa-master/node_modules/jest-circus/build/run.js:57:9)\n    at run (/Users/l_siri/Downloads/im-sprint-react-twittler-spa-master/node_modules/jest-circus/build/run.js:25:3)\n    at runAndTransformResultsToJestFormat (/Users/l_siri/Downloads/im-sprint-react-twittler-spa-master/node_modules/jest-circus/build/legacy-code-todo-rewrite/jestAdapterInit.js:176:21)\n    at jestAdapter (/Users/l_siri/Downloads/im-sprint-react-twittler-spa-master/node_modules/jest-circus/build/legacy-code-todo-rewrite/jestAdapter.js:109:19)\n    at runTestInternal (/Users/l_siri/Downloads/im-sprint-react-twittler-spa-master/node_modules/jest-runner/build/runTest.js:380:16)\n    at runTest (/Users/l_siri/Downloads/im-sprint-react-twittler-spa-master/node_modules/jest-runner/build/runTest.js:472:34)"],"fullName":"React Router로 SPA 구현하기 처음 접속 시, URL path가 \"/\" 이여야 합니다.","location":null,"status":"failed","title":"처음 접속 시, URL path가 \"/\" 이여야 합니다."},{"ancestorTitles":["React Router로 SPA 구현하기"],"failureMessages":["Error: Invariant failed: You should not use <withRouter(Sidebar) /> outside a <Router>\n    at invariant (/Users/l_siri/Downloads/im-sprint-react-twittler-spa-master/node_modules/tiny-invariant/dist/tiny-invariant.cjs.js:13:11)\n    at /Users/l_siri/Downloads/im-sprint-react-twittler-spa-master/node_modules/react-router/modules/withRouter.js:19:11\n    at updateContextConsumer (/Users/l_siri/Downloads/im-sprint-react-twittler-spa-master/node_modules/react-dom/cjs/react-dom.development.js:18747:19)\n    at beginWork (/Users/l_siri/Downloads/im-sprint-react-twittler-spa-master/node_modules/react-dom/cjs/react-dom.development.js:19114:14)\n    at HTMLUnknownElement.callCallback (/Users/l_siri/Downloads/im-sprint-react-twittler-spa-master/node_modules/react-dom/cjs/react-dom.development.js:3945:14)\n    at HTMLUnknownElement.callTheUserObjectsOperation (/Users/l_siri/Downloads/im-sprint-react-twittler-spa-master/node_modules/jsdom/lib/jsdom/living/generated/EventListener.js:26:30)\n    at innerInvokeEventListeners (/Users/l_siri/Downloads/im-sprint-react-twittler-spa-master/node_modules/jsdom/lib/jsdom/living/events/EventTarget-impl.js:338:25)\n    at invokeEventListeners (/Users/l_siri/Downloads/im-sprint-react-twittler-spa-master/node_modules/jsdom/lib/jsdom/living/events/EventTarget-impl.js:274:3)\n    at HTMLUnknownElementImpl._dispatch (/Users/l_siri/Downloads/im-sprint-react-twittler-spa-master/node_modules/jsdom/lib/jsdom/living/events/EventTarget-impl.js:221:9)\n    at HTMLUnknownElementImpl.dispatchEvent (/Users/l_siri/Downloads/im-sprint-react-twittler-spa-master/node_modules/jsdom/lib/jsdom/living/events/EventTarget-impl.js:94:17)\n    at HTMLUnknownElement.dispatchEvent (/Users/l_siri/Downloads/im-sprint-react-twittler-spa-master/node_modules/jsdom/lib/jsdom/living/generated/EventTarget.js:231:34)\n    at Object.invokeGuardedCallbackDev (/Users/l_siri/Downloads/im-sprint-react-twittler-spa-master/node_modules/react-dom/cjs/react-dom.development.js:3994:16)\n    at invokeGuardedCallback (/Users/l_siri/Downloads/im-sprint-react-twittler-spa-master/node_modules/react-dom/cjs/react-dom.development.js:4056:31)\n    at beginWork$1 (/Users/l_siri/Downloads/im-sprint-react-twittler-spa-master/node_modules/react-dom/cjs/react-dom.development.js:23964:7)\n    at performUnitOfWork (/Users/l_siri/Downloads/im-sprint-react-twittler-spa-master/node_modules/react-dom/cjs/react-dom.development.js:22779:12)\n    at workLoopSync (/Users/l_siri/Downloads/im-sprint-react-twittler-spa-master/node_modules/react-dom/cjs/react-dom.development.js:22707:5)\n    at renderRootSync (/Users/l_siri/Downloads/im-sprint-react-twittler-spa-master/node_modules/react-dom/cjs/react-dom.development.js:22670:7)\n    at performSyncWorkOnRoot (/Users/l_siri/Downloads/im-sprint-react-twittler-spa-master/node_modules/react-dom/cjs/react-dom.development.js:22293:18)\n    at scheduleUpdateOnFiber (/Users/l_siri/Downloads/im-sprint-react-twittler-spa-master/node_modules/react-dom/cjs/react-dom.development.js:21881:7)\n    at updateContainer (/Users/l_siri/Downloads/im-sprint-react-twittler-spa-master/node_modules/react-dom/cjs/react-dom.development.js:25482:3)\n    at /Users/l_siri/Downloads/im-sprint-react-twittler-spa-master/node_modules/react-dom/cjs/react-dom.development.js:26021:7\n    at unbatchedUpdates (/Users/l_siri/Downloads/im-sprint-react-twittler-spa-master/node_modules/react-dom/cjs/react-dom.development.js:22431:12)\n    at legacyRenderSubtreeIntoContainer (/Users/l_siri/Downloads/im-sprint-react-twittler-spa-master/node_modules/react-dom/cjs/react-dom.development.js:26020:5)\n    at Object.render (/Users/l_siri/Downloads/im-sprint-react-twittler-spa-master/node_modules/react-dom/cjs/react-dom.development.js:26103:10)\n    at /Users/l_siri/Downloads/im-sprint-react-twittler-spa-master/node_modules/@testing-library/react/dist/pure.js:101:25\n    at batchedUpdates$1 (/Users/l_siri/Downloads/im-sprint-react-twittler-spa-master/node_modules/react-dom/cjs/react-dom.development.js:22380:12)\n    at act (/Users/l_siri/Downloads/im-sprint-react-twittler-spa-master/node_modules/react-dom/cjs/react-dom-test-utils.development.js:1042:14)\n    at render (/Users/l_siri/Downloads/im-sprint-react-twittler-spa-master/node_modules/@testing-library/react/dist/pure.js:97:26)\n    at Object.<anonymous> (/Users/l_siri/Downloads/im-sprint-react-twittler-spa-master/src/__tests__/App.test.js:210:27)\n    at Promise.then.completed (/Users/l_siri/Downloads/im-sprint-react-twittler-spa-master/node_modules/jest-circus/build/utils.js:276:28)\n    at new Promise (<anonymous>)\n    at callAsyncCircusFn (/Users/l_siri/Downloads/im-sprint-react-twittler-spa-master/node_modules/jest-circus/build/utils.js:216:10)\n    at _callCircusTest (/Users/l_siri/Downloads/im-sprint-react-twittler-spa-master/node_modules/jest-circus/build/run.js:212:40)\n    at _runTest (/Users/l_siri/Downloads/im-sprint-react-twittler-spa-master/node_modules/jest-circus/build/run.js:149:3)\n    at _runTestsForDescribeBlock (/Users/l_siri/Downloads/im-sprint-react-twittler-spa-master/node_modules/jest-circus/build/run.js:63:9)\n    at _runTestsForDescribeBlock (/Users/l_siri/Downloads/im-sprint-react-twittler-spa-master/node_modules/jest-circus/build/run.js:57:9)\n    at run (/Users/l_siri/Downloads/im-sprint-react-twittler-spa-master/node_modules/jest-circus/build/run.js:25:3)\n    at runAndTransformResultsToJestFormat (/Users/l_siri/Downloads/im-sprint-react-twittler-spa-master/node_modules/jest-circus/build/legacy-code-todo-rewrite/jestAdapterInit.js:176:21)\n    at jestAdapter (/Users/l_siri/Downloads/im-sprint-react-twittler-spa-master/node_modules/jest-circus/build/legacy-code-todo-rewrite/jestAdapter.js:109:19)\n    at runTestInternal (/Users/l_siri/Downloads/im-sprint-react-twittler-spa-master/node_modules/jest-runner/build/runTest.js:380:16)\n    at runTest (/Users/l_siri/Downloads/im-sprint-react-twittler-spa-master/node_modules/jest-runner/build/runTest.js:472:34)"],"fullName":"React Router로 SPA 구현하기 About 메뉴를 누르면 URL path가 /about으로 라우트 되어야 합니다.","location":null,"status":"failed","title":"About 메뉴를 누르면 URL path가 /about으로 라우트 되어야 합니다."},{"ancestorTitles":["React Router로 SPA 구현하기"],"failureMessages":["Error: Invariant failed: You should not use <withRouter(Sidebar) /> outside a <Router>\n    at invariant (/Users/l_siri/Downloads/im-sprint-react-twittler-spa-master/node_modules/tiny-invariant/dist/tiny-invariant.cjs.js:13:11)\n    at /Users/l_siri/Downloads/im-sprint-react-twittler-spa-master/node_modules/react-router/modules/withRouter.js:19:11\n    at updateContextConsumer (/Users/l_siri/Downloads/im-sprint-react-twittler-spa-master/node_modules/react-dom/cjs/react-dom.development.js:18747:19)\n    at beginWork (/Users/l_siri/Downloads/im-sprint-react-twittler-spa-master/node_modules/react-dom/cjs/react-dom.development.js:19114:14)\n    at HTMLUnknownElement.callCallback (/Users/l_siri/Downloads/im-sprint-react-twittler-spa-master/node_modules/react-dom/cjs/react-dom.development.js:3945:14)\n    at HTMLUnknownElement.callTheUserObjectsOperation (/Users/l_siri/Downloads/im-sprint-react-twittler-spa-master/node_modules/jsdom/lib/jsdom/living/generated/EventListener.js:26:30)\n    at innerInvokeEventListeners (/Users/l_siri/Downloads/im-sprint-react-twittler-spa-master/node_modules/jsdom/lib/jsdom/living/events/EventTarget-impl.js:338:25)\n    at invokeEventListeners (/Users/l_siri/Downloads/im-sprint-react-twittler-spa-master/node_modules/jsdom/lib/jsdom/living/events/EventTarget-impl.js:274:3)\n    at HTMLUnknownElementImpl._dispatch (/Users/l_siri/Downloads/im-sprint-react-twittler-spa-master/node_modules/jsdom/lib/jsdom/living/events/EventTarget-impl.js:221:9)\n    at HTMLUnknownElementImpl.dispatchEvent (/Users/l_siri/Downloads/im-sprint-react-twittler-spa-master/node_modules/jsdom/lib/jsdom/living/events/EventTarget-impl.js:94:17)\n    at HTMLUnknownElement.dispatchEvent (/Users/l_siri/Downloads/im-sprint-react-twittler-spa-master/node_modules/jsdom/lib/jsdom/living/generated/EventTarget.js:231:34)\n    at Object.invokeGuardedCallbackDev (/Users/l_siri/Downloads/im-sprint-react-twittler-spa-master/node_modules/react-dom/cjs/react-dom.development.js:3994:16)\n    at invokeGuardedCallback (/Users/l_siri/Downloads/im-sprint-react-twittler-spa-master/node_modules/react-dom/cjs/react-dom.development.js:4056:31)\n    at beginWork$1 (/Users/l_siri/Downloads/im-sprint-react-twittler-spa-master/node_modules/react-dom/cjs/react-dom.development.js:23964:7)\n    at performUnitOfWork (/Users/l_siri/Downloads/im-sprint-react-twittler-spa-master/node_modules/react-dom/cjs/react-dom.development.js:22779:12)\n    at workLoopSync (/Users/l_siri/Downloads/im-sprint-react-twittler-spa-master/node_modules/react-dom/cjs/react-dom.development.js:22707:5)\n    at renderRootSync (/Users/l_siri/Downloads/im-sprint-react-twittler-spa-master/node_modules/react-dom/cjs/react-dom.development.js:22670:7)\n    at performSyncWorkOnRoot (/Users/l_siri/Downloads/im-sprint-react-twittler-spa-master/node_modules/react-dom/cjs/react-dom.development.js:22293:18)\n    at scheduleUpdateOnFiber (/Users/l_siri/Downloads/im-sprint-react-twittler-spa-master/node_modules/react-dom/cjs/react-dom.development.js:21881:7)\n    at updateContainer (/Users/l_siri/Downloads/im-sprint-react-twittler-spa-master/node_modules/react-dom/cjs/react-dom.development.js:25482:3)\n    at /Users/l_siri/Downloads/im-sprint-react-twittler-spa-master/node_modules/react-dom/cjs/react-dom.development.js:26021:7\n    at unbatchedUpdates (/Users/l_siri/Downloads/im-sprint-react-twittler-spa-master/node_modules/react-dom/cjs/react-dom.development.js:22431:12)\n    at legacyRenderSubtreeIntoContainer (/Users/l_siri/Downloads/im-sprint-react-twittler-spa-master/node_modules/react-dom/cjs/react-dom.development.js:26020:5)\n    at Object.render (/Users/l_siri/Downloads/im-sprint-react-twittler-spa-master/node_modules/react-dom/cjs/react-dom.development.js:26103:10)\n    at /Users/l_siri/Downloads/im-sprint-react-twittler-spa-master/node_modules/@testing-library/react/dist/pure.js:101:25\n    at batchedUpdates$1 (/Users/l_siri/Downloads/im-sprint-react-twittler-spa-master/node_modules/react-dom/cjs/react-dom.development.js:22380:12)\n    at act (/Users/l_siri/Downloads/im-sprint-react-twittler-spa-master/node_modules/react-dom/cjs/react-dom-test-utils.development.js:1042:14)\n    at render (/Users/l_siri/Downloads/im-sprint-react-twittler-spa-master/node_modules/@testing-library/react/dist/pure.js:97:26)\n    at Object.<anonymous> (/Users/l_siri/Downloads/im-sprint-react-twittler-spa-master/src/__tests__/App.test.js:225:27)\n    at Promise.then.completed (/Users/l_siri/Downloads/im-sprint-react-twittler-spa-master/node_modules/jest-circus/build/utils.js:276:28)\n    at new Promise (<anonymous>)\n    at callAsyncCircusFn (/Users/l_siri/Downloads/im-sprint-react-twittler-spa-master/node_modules/jest-circus/build/utils.js:216:10)\n    at _callCircusTest (/Users/l_siri/Downloads/im-sprint-react-twittler-spa-master/node_modules/jest-circus/build/run.js:212:40)\n    at _runTest (/Users/l_siri/Downloads/im-sprint-react-twittler-spa-master/node_modules/jest-circus/build/run.js:149:3)\n    at _runTestsForDescribeBlock (/Users/l_siri/Downloads/im-sprint-react-twittler-spa-master/node_modules/jest-circus/build/run.js:63:9)\n    at _runTestsForDescribeBlock (/Users/l_siri/Downloads/im-sprint-react-twittler-spa-master/node_modules/jest-circus/build/run.js:57:9)\n    at run (/Users/l_siri/Downloads/im-sprint-react-twittler-spa-master/node_modules/jest-circus/build/run.js:25:3)\n    at runAndTransformResultsTo
[...]
s/jsdom/lib/jsdom/living/events/EventTarget-impl.js:94:17)\n      at HTMLUnknownElement.dispatchEvent (node_modules/jsdom/lib/jsdom/living/generated/EventTarget.js:231:34)\n      at Object.invokeGuardedCallbackDev (node_modules/react-dom/cjs/react-dom.development.js:3994:16)\n      at invokeGuardedCallback (node_modules/react-dom/cjs/react-dom.development.js:4056:31)\n      at beginWork$1 (node_modules/react-dom/cjs/react-dom.development.js:23964:7)\n      at performUnitOfWork (node_modules/react-dom/cjs/react-dom.development.js:22779:12)\n      at workLoopSync (node_modules/react-dom/cjs/react-dom.development.js:22707:5)\n      at renderRootSync (node_modules/react-dom/cjs/react-dom.development.js:22670:7)\n      at performSyncWorkOnRoot (node_modules/react-dom/cjs/react-dom.development.js:22293:18)\n      at scheduleUpdateOnFiber (node_modules/react-dom/cjs/react-dom.development.js:21881:7)\n      at updateContainer (node_modules/react-dom/cjs/react-dom.development.js:25482:3)\n      at node_modules/react-dom/cjs/react-dom.development.js:26021:7\n      at unbatchedUpdates (node_modules/react-dom/cjs/react-dom.development.js:22431:12)\n      at legacyRenderSubtreeIntoContainer (node_modules/react-dom/cjs/react-dom.development.js:26020:5)\n      at Object.render (node_modules/react-dom/cjs/react-dom.development.js:26103:10)\n      at node_modules/@testing-library/react/dist/pure.js:101:25\n      at batchedUpdates$1 (node_modules/react-dom/cjs/react-dom.development.js:22380:12)\n      at act (node_modules/react-dom/cjs/react-dom-test-utils.development.js:1042:14)\n      at render (node_modules/@testing-library/react/dist/pure.js:97:26)\n      at Object.<anonymous> (src/__tests__/App.test.js:108:27)\n\n  ● Sidebar.js 사이드바 구현 › Sidebar 컴포넌트에는 › Tweets 아이콘의 Link 컴포넌트는 \"/\" 로 연결되야 합니다.\n\n    Invariant failed: You should not use <withRouter(Sidebar) /> outside a <Router>\n\n      128 |\n      129 |     test('Tweets 아이콘의 Link 컴포넌트는 \"/\" 로 연결되야 합니다.', () => {\n    > 130 |       const { container } = render(<App />);\n          |                             ^\n      131 |       const linkToAttr = container.querySelectorAll('a');\n      132 |\n      133 |       expect(linkToAttr[0]).toHaveAttribute('href', '/');\n\n      at invariant (node_modules/tiny-invariant/dist/tiny-invariant.cjs.js:13:11)\n      at node_modules/react-router/modules/withRouter.js:19:11\n      at updateContextConsumer (node_modules/react-dom/cjs/react-dom.development.js:18747:19)\n      at beginWork (node_modules/react-dom/cjs/react-dom.development.js:19114:14)\n      at HTMLUnknownElement.callCallback (node_modules/react-dom/cjs/react-dom.development.js:3945:14)\n      at HTMLUnknownElement.callTheUserObjectsOperation (node_modules/jsdom/lib/jsdom/living/generated/EventListener.js:26:30)\n      at innerInvokeEventListeners (node_modules/jsdom/lib/jsdom/living/events/EventTarget-impl.js:338:25)\n      at invokeEventListeners (node_modules/jsdom/lib/jsdom/living/events/EventTarget-impl.js:274:3)\n      at HTMLUnknownElementImpl._dispatch (node_modules/jsdom/lib/jsdom/living/events/EventTarget-impl.js:221:9)\n      at HTMLUnknownElementImpl.dispatchEvent (node_modules/jsdom/lib/jsdom/living/events/EventTarget-impl.js:94:17)\n      at HTMLUnknownElement.dispatchEvent (node_modules/jsdom/lib/jsdom/living/generated/EventTarget.js:231:34)\n      at Object.invokeGuardedCallbackDev (node_modules/react-dom/cjs/react-dom.development.js:3994:16)\n      at invokeGuardedCallback (node_modules/react-dom/cjs/react-dom.development.js:4056:31)\n      at beginWork$1 (node_modules/react-dom/cjs/react-dom.development.js:23964:7)\n      at performUnitOfWork (node_modules/react-dom/cjs/react-dom.development.js:22779:12)\n      at workLoopSync (node_modules/react-dom/cjs/react-dom.development.js:22707:5)\n      at renderRootSync (node_modules/react-dom/cjs/react-dom.development.js:22670:7)\n      at performSyncWorkOnRoot (node_modules/react-dom/cjs/react-dom.development.js:22293:18)\n      at scheduleUpdateOnFiber (node_modules/react-dom/cjs/react-dom.development.js:21881:7)\n      at updateContainer (node_modules/react-dom/cjs/react-dom.development.js:25482:3)\n      at node_modules/react-dom/cjs/react-dom.development.js:26021:7\n      at unbatchedUpdates (node_modules/react-dom/cjs/react-dom.development.js:22431:12)\n      at legacyRenderSubtreeIntoContainer (node_modules/react-dom/cjs/react-dom.development.js:26020:5)\n      at Object.render (node_modules/react-dom/cjs/react-dom.development.js:26103:10)\n      at node_modules/@testing-library/react/dist/pure.js:101:25\n      at batchedUpdates$1 (node_modules/react-dom/cjs/react-dom.development.js:22380:12)\n      at act (node_modules/react-dom/cjs/react-dom-test-utils.development.js:1042:14)\n      at render (node_modules/@testing-library/react/dist/pure.js:97:26)\n      at Object.<anonymous> (src/__tests__/App.test.js:130:29)\n\n  ● Sidebar.js 사이드바 구현 › Sidebar 컴포넌트에는 › About 아이콘의 Link 컴포넌트는 \"/about\" 로 연결되야 합니다.\n\n    Invariant failed: You should not use <withRouter(Sidebar) /> outside a <Router>\n\n      135 |\n      136 |     test('About 아이콘의 Link 컴포넌트는 \"/about\" 로 연결되야 합니다.', () => {\n    > 137 |       const { container } = render(<App />);\n          |                             ^\n      138 |       const linkToAttr = container.querySelectorAll('a');\n      139 |\n      140 |       expect(linkToAttr[1]).toHaveAttribute('href', '/about');\n\n      at invariant (node_modules/tiny-invariant/dist/tiny-invariant.cjs.js:13:11)\n      at node_modules/react-router/modules/withRouter.js:19:11\n      at updateContextConsumer (node_modules/react-dom/cjs/react-dom.development.js:18747:19)\n      at beginWork (node_modules/react-dom/cjs/react-dom.development.js:19114:14)\n      at HTMLUnknownElement.callCallback (node_modules/react-dom/cjs/react-dom.development.js:3945:14)\n      at HTMLUnknownElement.callTheUserObjectsOperation (node_modules/jsdom/lib/jsdom/living/generated/EventListener.js:26:30)\n      at innerInvokeEventListeners (node_modules/jsdom/lib/jsdom/living/events/EventTarget-impl.js:338:25)\n      at invokeEventListeners (node_modules/jsdom/lib/jsdom/living/events/EventTarget-impl.js:274:3)\n      at HTMLUnknownElementImpl._dispatch (node_modules/jsdom/lib/jsdom/living/events/EventTarget-impl.js:221:9)\n      at HTMLUnknownElementImpl.dispatchEvent (node_modules/jsdom/lib/jsdom/living/events/EventTarget-impl.js:94:17)\n      at HTMLUnknownElement.dispatchEvent (node_modules/jsdom/lib/jsdom/living/generated/EventTarget.js:231:34)\n      at Object.invokeGuardedCallbackDev (node_modules/react-dom/cjs/react-dom.development.js:3994:16)\n      at invokeGuardedCallback (node_modules/react-dom/cjs/react-dom.development.js:4056:31)\n      at beginWork$1 (node_modules/react-dom/cjs/react-dom.development.js:23964:7)\n      at performUnitOfWork (node_modules/react-dom/cjs/react-dom.development.js:22779:12)\n      at workLoopSync (node_modules/react-dom/cjs/react-dom.development.js:22707:5)\n      at renderRootSync (node_modules/react-dom/cjs/react-dom.development.js:22670:7)\n      at performSyncWorkOnRoot (node_modules/react-dom/cjs/react-dom.development.js:22293:18)\n      at scheduleUpdateOnFiber (node_modules/react-dom/cjs/react-dom.development.js:21881:7)\n      at updateContainer (node_modules/react-dom/cjs/react-dom.development.js:25482:3)\n      at node_modules/react-dom/cjs/react-dom.development.js:26021:7\n      at unbatchedUpdates (node_modules/react-dom/cjs/react-dom.development.js:22431:12)\n      at legacyRenderSubtreeIntoContainer (node_modules/react-dom/cjs/react-dom.development.js:26020:5)\n      at Object.render (node_modules/react-dom/cjs/react-dom.development.js:26103:10)\n      at node_modules/@testing-library/react/dist/pure.js:101:25\n      at batchedUpdates$1 (node_modules/react-dom/cjs/react-dom.development.js:22380:12)\n      at act (node_modules/react-dom/cjs/react-dom-test-utils.development.js:1042:14)\n      at render (node_modules/@testing-library/react/dist/pure.js:97:26)\n      at Object.<anonymous> (src/__tests__/App.test.js:137:29)\n\n  ● Sidebar.js 사이드바 구현 › Sidebar 컴포넌트에는 › MyPage 아이콘의 Link 컴포넌트는 \"/mypage\" 로 연결되야 합니다.\n\n    Invariant failed: You should not use <withRouter(Sidebar) /> outside a <Router>\n\n      142 |\n      143 |     test('MyPage 아이콘의 Link 컴포넌트는 \"/mypage\" 로 연결되야 합니다.', () => {\n    > 144 |       const { container } = render(<App />);\n          |                             ^\n      145 |       const linkToAttr = container.querySelectorAll('a');\n      146 |\n      147 |       expect(linkToAttr[2]).toHaveAttribute('href', '/mypage');\n\n      at invariant (node_modules/tiny-invariant/dist/tiny-invariant.cjs.js:13:11)\n      at node_modules/react-router/modules/withRouter.js:19:11\n      at updateContextConsumer (node_modules/react-dom/cjs/react-dom.development.js:18747:19)\n      at beginWork (node_modules/react-dom/cjs/react-dom.development.js:19114:14)\n      at HTMLUnknownElement.callCallback (node_modules/react-dom/cjs/react-dom.development.js:3945:14)\n      at HTMLUnknownElement.callTheUserObjectsOperation (node_modules/jsdom/lib/jsdom/living/generated/EventListener.js:26:30)\n      at innerInvokeEventListeners (node_modules/jsdom/lib/jsdom/living/events/EventTarget-impl.js:338:25)\n      at invokeEventListeners (node_modules/jsdom/lib/jsdom/living/events/EventTarget-impl.js:274:3)\n      at HTMLUnknownElementImpl._dispatch (node_modules/jsdom/lib/jsdom/living/events/EventTarget-impl.js:221:9)\n      at HTMLUnknownElementImpl.dispatchEvent (node_modules/jsdom/lib/jsdom/living/events/EventTarget-impl.js:94:17)\n      at HTMLUnknownElement.dispatchEvent (node_modules/jsdom/lib/jsdom/living/generated/EventTarget.js:231:34)\n      at Object.invokeGuardedCallbackDev (node_modules/react-dom/cjs/react-dom.development.js:3994:16)\n      at invokeGuardedCallback (node_modules/react-dom/cjs/react-dom.development.js:4056:31)\n      at beginWork$1 (node_modules/react-dom/cjs/react-dom.development.js:23964:7)\n      at performUnitOfWork (node_modules/react-dom/cjs/react-dom.development.js:22779:12)\n      at workLoopSync (node_modules/react-dom/cjs/react-dom.development.js:22707:5)\n      at renderRootSync (node_modules/react-dom/cjs/react-dom.development.js:22670:7)\n      at performSyncWorkOnRoot (node_modules/react-dom/cjs/react-dom.development.js:22293:18)\n      at scheduleUpdateOnFiber (node_modules/react-dom/cjs/react-dom.development.js:21881:7)\n      at updateContainer (node_modules/react-dom/cjs/react-dom.development.js:25482:3)\n      at node_modules/react-dom/cjs/react-dom.development.js:26021:7\n      at unbatchedUpdates (node_modules/react-dom/cjs/react-dom.development.js:22431:12)\n      at legacyRenderSubtreeIntoContainer (node_modules/react-dom/cjs/react-dom.development.js:26020:5)\n      at Object.render (node_modules/react-dom/cjs/react-dom.development.js:26103:10)\n      at node_modules/@testing-library/react/dist/pure.js:101:25\n      at batchedUpdates$1 (node_modules/react-dom/cjs/react-dom.development.js:22380:12)\n      at act (node_modules/react-dom/cjs/react-dom-test-utils.development.js:1042:14)\n      at render (node_modules/@testing-library/react/dist/pure.js:97:26)\n      at Object.<anonymous> (src/__tests__/App.test.js:144:29)\n\n  ● React Router로 SPA 구현하기 › 처음 접속 시, URL path가 \"/\" 이여야 합니다.\n\n    Invariant failed: You should not use <withRouter(Sidebar) /> outside a <Router>\n\n      197 |\n      198 |     const rootPath = '/';\n    > 199 |     const routeInstance = TestRenderer.create(<App />).root;\n          |                                        ^\n      200 |\n      201 |     expect(routeInstance.findByType(Route).props.exact).toBe(true);\n      202 |     expect(routeInstance.findByType(Route).props.path).toBe(rootPath);\n\n      at invariant (node_modules/tiny-invariant/dist/tiny-invariant.cjs.js:13:11)\n      at node_modules/react-router/modules/withRouter.js:19:11\n      at updateContextConsumer (node_modules/react-test-renderer/cjs/react-test-renderer.development.js:9665:19)\n      at beginWork (node_modules/react-test-renderer/cjs/react-test-renderer.development.js:10031:14)\n      at performUnitOfWork (node_modules/react-test-renderer/cjs/react-test-renderer.development.js:13800:12)\n      at workLoopSync (node_modules/react-test-renderer/cjs/react-test-renderer.development.js:13728:5)\n      at renderRootSync (node_modules/react-test-renderer/cjs/react-test-renderer.development.js:13691:7)\n      at performSyncWorkOnRoot (node_modules/react-test-renderer/cjs/react-test-renderer.development.js:13404:18)\n      at node_modules/react-test-renderer/cjs/react-test-renderer.development.js:2537:26\n      at unstable_runWithPriority (node_modules/scheduler/cjs/scheduler.development.js:468:12)\n      at runWithPriority (node_modules/react-test-renderer/cjs/react-test-renderer.development.js:2486:10)\n      at flushSyncCallbackQueueImpl (node_modules/react-test-renderer/cjs/react-test-renderer.development.js:2532:9)\n      at flushSyncCallbackQueue (node_modules/react-test-renderer/cjs/react-test-renderer.development.js:2519:3)\n      at scheduleUpdateOnFiber (node_modules/react-test-renderer/cjs/react-test-renderer.development.js:13004:9)\n      at updateContainer (node_modules/react-test-renderer/cjs/react-test-renderer.development.js:16454:3)\n      at Object.create (node_modules/react-test-renderer/cjs/react-test-renderer.development.js:17149:3)\n      at Object.<anonymous> (src/__tests__/App.test.js:199:40)\n\n  ● React Router로 SPA 구현하기 › About 메뉴를 누르면 URL path가 /about으로 라우트 되어야 합니다.\n\n    Invariant failed: You should not use <withRouter(Sidebar) /> outside a <Router>\n\n      208 |\n      209 |     const aboutPath = '/about';\n    > 210 |     const { container } = render(<App />);\n          |                           ^\n      211 |\n      212 |     const aboutIcon = container.querySelector('.far.fa-question-circle');\n      213 |     userEvent.click(aboutIcon);\n\n      at invariant (node_modules/tiny-invariant/dist/tiny-invariant.cjs.js:13:11)\n      at node_modules/react-router/modules/withRouter.js:19:11\n      at updateContextConsumer (node_modules/react-dom/cjs/react-dom.development.js:18747:19)\n      at beginWork (node_modules/react-dom/cjs/react-dom.development.js:19114:14)\n      at HTMLUnknownElement.callCallback (node_modules/react-dom/cjs/react-dom.development.js:3945:14)\n      at HTMLUnknownElement.callTheUserObjectsOperation (node_modules/jsdom/lib/jsdom/living/generated/EventListener.js:26:30)\n      at innerInvokeEventListeners (node_modules/jsdom/lib/jsdom/living/events/EventTarget-impl.js:338:25)\n      at invokeEventListeners (node_modules/jsdom/lib/jsdom/living/events/EventTarget-impl.js:274:3)\n      at HTMLUnknownElementImpl._dispatch (node_modules/jsdom/lib/jsdom/living/events/EventTarget-impl.js:221:9)\n      at HTMLUnknownElementImpl.dispatchEvent (node_modules/jsdom/lib/jsdom/living/events/EventTarget-impl.js:94:17)\n      at HTMLUnknownElement.dispatchEvent (node_modules/jsdom/lib/jsdom/living/generated/EventTarget.js:231:34)\n      at Object.invokeGuardedCallbackDev (node_modules/react-dom/cjs/react-dom.development.js:3994:16)\n      at invokeGuardedCallback (node_modules/react-dom/cjs/react-dom.development.js:4056:31)\n      at beginWork$1 (node_modules/react-dom/cjs/react-dom.development.js:23964:7)\n      at performUnitOfWork (node_modules/react-dom/cjs/react-dom.development.js:22779:12)\n      at workLoopSync (node_modules/react-dom/cjs/react-dom.development.js:22707:5)\n      at renderRootSync (node_modules/react-dom/cjs/react-dom.development.js:22670:7)\n      at performSyncWorkOnRoot (node_modules/react-dom/cjs/react-dom.development.js:22293:18)\n      at scheduleUpdateOnFiber (node_modules/react-dom/cjs/react-dom.development.js:21881:7)\n      at updateContainer (node_modules/react-dom/cjs/react-dom.development.js:25482:3)\n      at node_modules/react-dom/cjs/react-dom.development.js:26021:7\n      at unbatchedUpdates (node_modules/react-dom/cjs/react-dom.development.js:22431:12)\n      at legacyRenderSubtreeIntoContainer (node_modules/react-dom/cjs/react-dom.development.js:26020:5)\n      at Object.render (node_modules/react-dom/cjs/react-dom.development.js:26103:10)\n      at node_modules/@testing-library/react/dist/pure.js:101:25\n      at batchedUpdates$1 (node_modules/react-dom/cjs/react-dom.development.js:22380:12)\n      at act (node_modules/react-dom/cjs/react-dom-test-utils.development.js:1042:14)\n      at render (node_modules/@testing-library/react/dist/pure.js:97:26)\n      at Object.<anonymous> (src/__tests__/App.test.js:210:27)\n\n  ● React Router로 SPA 구현하기 › MyPage 메뉴를 누르면 URL path가 /mypage로 라우트 되어야 합니다.\n\n    Invariant failed: You should not use <withRouter(Sidebar) /> outside a <Router>\n\n      223 |\n      224 |     const myPagePath = '/mypage';\n    > 225 |     const { container } = render(<App />);\n          |                           ^\n      226 |\n      227 |     const mypageIcon = container.querySelector('.far.fa-user');\n      228 |     userEvent.click(mypageIcon);\n\n      at invariant (node_modules/tiny-invariant/dist/tiny-invariant.cjs.js:13:11)\n      at node_modules/react-router/modules/withRouter.js:19:11\n      at updateContextConsumer (node_modules/react-dom/cjs/react-dom.development.js:18747:19)\n      at beginWork (node_modules/react-dom/cjs/react-dom.development.js:19114:14)\n      at HTMLUnknownElement.callCallback (node_modules/react-dom/cjs/react-dom.development.js:3945:14)\n      at HTMLUnknownElement.callTheUserObjectsOperation (node_modules/jsdom/lib/jsdom/living/generated/EventListener.js:26:30)\n      at innerInvokeEventListeners (node_modules/jsdom/lib/jsdom/living/events/EventTarget-impl.js:338:25)\n      at invokeEventListeners (node_modules/jsdom/lib/jsdom/living/events/EventTarget-impl.js:274:3)\n      at HTMLUnknownElementImpl._dispatch (node_modules/jsdom/lib/jsdom/living/events/EventTarget-impl.js:221:9)\n      at HTMLUnknownElementImpl.dispatchEvent (node_modules/jsdom/lib/jsdom/living/events/EventTarget-impl.js:94:17)\n      at HTMLUnknownElement.dispatchEvent (node_modules/jsdom/lib/jsdom/living/generated/EventTarget.js:231:34)\n      at Object.invokeGuardedCallbackDev (node_modules/react-dom/cjs/react-dom.development.js:3994:16)\n      at invokeGuardedCallback (node_modules/react-dom/cjs/react-dom.development.js:4056:31)\n      at beginWork$1 (node_modules/react-dom/cjs/react-dom.development.js:23964:7)\n      at performUnitOfWork (node_modules/react-dom/cjs/react-dom.development.js:22779:12)\n      at workLoopSync (node_modules/react-dom/cjs/react-dom.development.js:22707:5)\n      at renderRootSync (node_modules/react-dom/cjs/react-dom.development.js:22670:7)\n      at performSyncWorkOnRoot (node_modules/react-dom/cjs/react-dom.development.js:22293:18)\n      at scheduleUpdateOnFiber (node_modules/react-dom/cjs/react-dom.development.js:21881:7)\n      at updateContainer (node_modules/react-dom/cjs/react-dom.development.js:25482:3)\n      at node_modules/react-dom/cjs/react-dom.development.js:26021:7\n      at unbatchedUpdates (node_modules/react-dom/cjs/react-dom.development.js:22431:12)\n      at legacyRenderSubtreeIntoContainer (node_modules/react-dom/cjs/react-dom.development.js:26020:5)\n      at Object.render (node_modules/react-dom/cjs/react-dom.development.js:26103:10)\n      at node_modules/@testing-library/react/dist/pure.js:101:25\n      at batchedUpdates$1 (node_modules/react-dom/cjs/react-dom.development.js:22380:12)\n      at act (node_modules/react-dom/cjs/react-dom-test-utils.development.js:1042:14)\n      at render (node_modules/@testing-library/react/dist/pure.js:97:26)\n      at Object.<anonymous> (src/__tests__/App.test.js:225:27)\n","name":"/Users/l_siri/Downloads/im-sprint-react-twittler-spa-master/src/__tests__/App.test.js","startTime":1628752067991,"status":"failed","summary":""}],"wasInterrupted":false}